[06:55:04] [main/INFO] ========================================
[06:55:04] [main/INFO] Minecraft: 1.21.1
[06:55:04] [main/INFO] Side: server
[06:55:04] [main/INFO] Development: false
[06:55:04] [main/INFO] Version: 16.0.788
[06:55:04] [main/INFO] Loader:
[06:55:04] [main/INFO] - Fabric: 0.16.9
[06:55:04] [main/INFO] - Fabric API: 0.110.0+1.21.1
[06:55:04] [main/INFO] Dependencies:
[06:55:04] [main/INFO] - Cloth Config: 15.0.140
[06:55:04] [main/INFO] - Architectury: 13.0.8
[06:55:04] [main/INFO] Mixin: 0.8.7
[06:55:04] [main/INFO] OS: Windows 11 10.0 (amd64)
[06:55:04] [main/INFO] Java: 23.0.1 (Eclipse Adoptium)
[06:55:04] [main/INFO] ========================================
[06:55:04] [main/INFO] Mods:
[06:55:04] [main/INFO] - additionalstructures: 5.0.1-fabric
[06:55:04] [main/INFO] - advancednetherite: 2.2.0-1.21.1
[06:55:04] [main/INFO] - adventure-platform-fabric: 5.14.1
[06:55:04] [main/INFO] - animal_feeding_trough: 1.1.2+1.21.1
[06:55:04] [main/INFO] - appleskin: 3.0.6+mc1.21
[06:55:04] [main/INFO] - ar_com_hjg_pngj: 2.1.0
[06:55:04] [main/INFO] - architectury: 13.0.8
[06:55:04] [main/INFO] - athena: 4.0.1
[06:55:04] [main/INFO] - balm-fabric: 21.0.20
[06:55:04] [main/INFO] - bclib: 21.0.13
[06:55:04] [main/INFO] - betterdeserttemples: 1.21.1-Fabric-4.1.2
[06:55:04] [main/INFO] - betterdungeons: 1.21.1-Fabric-5.1.3
[06:55:04] [main/INFO] - betterend: 21.0.11
[06:55:04] [main/INFO] - betterendisland: 1.21.1-Fabric-3.1.1
[06:55:04] [main/INFO] - betterfortresses: 1.21.1-Fabric-3.1.3
[06:55:04] [main/INFO] - betterjungletemples: 1.21.1-Fabric-3.1.2
[06:55:04] [main/INFO] - bettermineshafts: 1.21.1-Fabric-5.1.1
[06:55:04] [main/INFO] - betternether: 21.0.11
[06:55:04] [main/INFO] - betteroceanmonuments: 1.21.1-Fabric-4.1.2
[06:55:04] [main/INFO] - betterwitchhuts: 1.21.1-Fabric-4.1.1
[06:55:04] [main/INFO] - biomesoplenty: 21.1.0.7
[06:55:04] [main/INFO] - blue_endless_jankson: 1.2.3
[06:55:04] [main/INFO] - bookshelf: 21.1.13
[06:55:04] [main/INFO] - cardinal-components-base: 6.1.0
[06:55:04] [main/INFO] - cardinal-components-block: 6.1.0
[06:55:04] [main/INFO] - cardinal-components-entity: 6.1.0
[06:55:04] [main/INFO] - carryon: 2.2.2
[06:55:04] [main/INFO] - chunky: 1.4.16
[06:55:04] [main/INFO] - chunkyborder: 1.2.18
[06:55:04] [main/INFO] - cloth-basic-math: 0.6.1
[06:55:04] [main/INFO] - cloth-config: 15.0.140
[06:55:04] [main/INFO] - cloth-config: 15.0.140
[06:55:04] [main/INFO] - cloud: 2.0.0-beta.9
[06:55:04] [main/INFO] - clumps: 19.0.0.1
[06:55:04] [main/INFO] - collective: 7.87
[06:55:04] [main/INFO] - com_electronwill_night-config_core: 3.8.0
[06:55:04] [main/INFO] - com_electronwill_night-config_toml: 3.8.0
[06:55:04] [main/INFO] - com_teamresourceful_bytecodecs: 1.1.2
[06:55:04] [main/INFO] - com_teamresourceful_yabn: 1.0.3
[06:55:04] [main/INFO] - com_twelvemonkeys_common_common-image: 3.10.0
[06:55:04] [main/INFO] - com_twelvemonkeys_common_common-io: 3.10.0
[06:55:04] [main/INFO] - com_twelvemonkeys_common_common-lang: 3.10.0
[06:55:04] [main/INFO] - com_twelvemonkeys_imageio_imageio-core: 3.10.0
[06:55:04] [main/INFO] - com_twelvemonkeys_imageio_imageio-metadata: 3.10.0
[06:55:04] [main/INFO] - com_twelvemonkeys_imageio_imageio-webp: 3.10.0
[06:55:04] [main/INFO] - com_typesafe_config: 1.4.3
[06:55:04] [main/INFO] - com_velocitypowered_velocity-native: 3.3.0-SNAPSHOT
[06:55:04] [main/INFO] - commonnetworking: 1.0.16-1.21.1
[06:55:04] [main/INFO] - copperhopper: 0.10.0+1.21.1
[06:55:04] [main/INFO] - creativecore: 2.12.22
[06:55:04] [main/INFO] - cristellib: 1.2.8
[06:55:04] [main/INFO] - debugify: 1.21.1+1.0
[06:55:04] [main/INFO] - disenchanting_table: 3.1.0
[06:55:04] [main/INFO] - easyanvils: 21.1.0
[06:55:04] [main/INFO] - easymagic: 21.1.0
[06:55:04] [main/INFO] - elytraslot: 9.0.1+1.21.1
[06:55:04] [main/INFO] - endrem: 6.0.2
[06:55:04] [main/INFO] - error_notifier: 1.0.11
[06:55:04] [main/INFO] - fabric-api: 0.110.0+1.21.1
[06:55:04] [main/INFO] - fabric-api: 0.110.0+1.21.1
[06:55:04] [main/INFO] - fabric-api-base: 0.4.42+6573ed8c19
[06:55:04] [main/INFO] - fabric-api-lookup-api-v1: 1.6.70+b559734419
[06:55:04] [main/INFO] - fabric-biome-api-v1: 13.0.30+be1ed2d719
[06:55:04] [main/INFO] - fabric-block-api-v1: 1.0.22+0af3f5a719
[06:55:04] [main/INFO] - fabric-block-view-api-v2: 1.0.10+6573ed8c19
[06:55:04] [main/INFO] - fabric-command-api-v1: 1.2.49+f71b366f19
[06:55:04] [main/INFO] - fabric-command-api-v2: 2.2.28+6ced4dd919
[06:55:04] [main/INFO] - fabric-commands-v0: 0.2.66+df3654b319
[06:55:04] [main/INFO] - fabric-content-registries-v0: 8.0.18+b559734419
[06:55:04] [main/INFO] - fabric-convention-tags-v1: 2.1.2+7f945d5b19
[06:55:04] [main/INFO] - fabric-convention-tags-v2: 2.9.2+e60e56d419
[06:55:04] [main/INFO] - fabric-crash-report-info-v1: 0.2.29+0af3f5a719
[06:55:04] [main/INFO] - fabric-data-attachment-api-v1: 1.4.0+da19b51a19
[06:55:04] [main/INFO] - fabric-data-generation-api-v1: 20.2.24+16c4ae2519
[06:55:04] [main/INFO] - fabric-dimensions-v1: 4.0.0+6fc22b9919
[06:55:04] [main/INFO] - fabric-entity-events-v1: 1.7.0+2122d82819
[06:55:04] [main/INFO] - fabric-events-interaction-v0: 0.7.13+ba9dae0619
[06:55:04] [main/INFO] - fabric-game-rule-api-v1: 1.0.53+6ced4dd919
[06:55:04] [main/INFO] - fabric-item-api-v1: 11.1.1+d5debaed19
[06:55:04] [main/INFO] - fabric-item-group-api-v1: 4.1.6+6823f7cd19
[06:55:04] [main/INFO] - fabric-language-kotlin: 1.12.3+kotlin.2.0.21
[06:55:04] [main/INFO] - fabric-lifecycle-events-v1: 2.5.0+01d9a51c19
[06:55:04] [main/INFO] - fabric-loot-api-v2: 3.0.15+3f89f5a519
[06:55:04] [main/INFO] - fabric-loot-api-v3: 1.0.3+3f89f5a519
[06:55:04] [main/INFO] - fabric-message-api-v1: 6.0.13+6573ed8c19
[06:55:04] [main/INFO] - fabric-networking-api-v1: 4.3.0+c7469b2119
[06:55:04] [main/INFO] - fabric-object-builder-api-v1: 15.2.1+40875a9319
[06:55:04] [main/INFO] - fabric-particles-v1: 4.0.2+6573ed8c19
[06:55:04] [main/INFO] - fabric-permissions-api-v0: 0.3.1
[06:55:04] [main/INFO] - fabric-recipe-api-v1: 5.0.13+6508971219
[06:55:04] [main/INFO] - fabric-registry-sync-v0: 5.2.0+34f5d91419
[06:55:04] [main/INFO] - fabric-rendering-data-attachment-v1: 0.3.48+73761d2e19
[06:55:04] [main/INFO] - fabric-rendering-fluids-v1: 3.1.6+1daea21519
[06:55:04] [main/INFO] - fabric-resource-conditions-api-v1: 4.3.0+8dc279b119
[06:55:04] [main/INFO] - fabric-resource-loader-v0: 1.3.1+5b5275af19
[06:55:04] [main/INFO] - fabric-screen-handler-api-v1: 1.3.88+b559734419
[06:55:04] [main/INFO] - fabric-transfer-api-v1: 5.4.2+95bead5f19
[06:55:04] [main/INFO] - fabric-transitive-access-wideners-v1: 6.2.0+45b9699719
[06:55:04] [main/INFO] - fabricloader: 0.16.9
[06:55:04] [main/INFO] - fallingtrees: 0.12.7
[06:55:04] [main/INFO] - ferritecore: 7.0.2-hotfix
[06:55:04] [main/INFO] - forgeconfigapiport: 21.1.2
[06:55:04] [main/INFO] - geckolib: 4.7
[06:55:04] [main/INFO] - glitchcore: 2.1.0.0
[06:55:04] [main/INFO] - iceberg: 1.2.7
[06:55:04] [main/INFO] - io_leangen_geantyref_geantyref: 1.3.15
[06:55:04] [main/INFO] - io_wispforest_endec: 0.1.5
[06:55:04] [main/INFO] - io_wispforest_endec_gson: 0.1.3
[06:55:04] [main/INFO] - io_wispforest_endec_jankson: 0.1.3
[06:55:04] [main/INFO] - io_wispforest_endec_netty: 0.1.2
[06:55:04] [main/INFO] - jamlib: 1.2.2+1.21.1
[06:55:04] [main/INFO] - jankson: 8.0.0+j1.2.3
[06:55:04] [main/INFO] - java: 23
[06:55:04] [main/INFO] - journeymap: 1.21.1-6.0.0-beta.29
[06:55:04] [main/INFO] - journeymap-api-fabric: 2.0.0-1.21.1-SNAPSHOT
[06:55:04] [main/INFO] - jumpoverfences: 1.6.0
[06:55:04] [main/INFO] - krypton: 0.2.8
[06:55:04] [main/INFO] - kuma_api: 21.0.5-SNAPSHOT
[06:55:04] [main/INFO] - libgui: 11.0.0+1.21
[06:55:04] [main/INFO] - libninepatch: 1.2.0
[06:55:04] [main/INFO] - lithium: 0.14.2-snapshot+mc1.21.1-build.90
[06:55:04] [main/INFO] - lithostitched: 1.3.8
[06:55:04] [main/INFO] - midnightlib: 1.6.3
[06:55:04] [main/INFO] - minecraft: 1.21.1
[06:55:04] [main/INFO] - mixinextras: 0.4.1
[06:55:04] [main/INFO] - monolib: 1.4.1
[06:55:04] [main/INFO] - mr_dungeons_andtaverns: 1-v4.4.4
[06:55:04] [main/INFO] - mr_dungeons_andtavernsstrongholdrework: 1-v2.1
[06:55:04] [main/INFO] - mr_dungeons_andtavernswoodlandmansionreplacement: 1-v1.2
[06:55:04] [main/INFO] - mru: 1.0.4+1.21+fabric
[06:55:04] [main/INFO] - net_jodah_typetools: 0.6.3
[06:55:04] [main/INFO] - net_kyori_adventure-api: 4.17.0
[06:55:04] [main/INFO] - net_kyori_adventure-key: 4.17.0
[06:55:04] [main/INFO] - net_kyori_adventure-platform-api: 4.3.3
[06:55:04] [main/INFO] - net_kyori_adventure-serializer-configurate4: 4.17.0
[06:55:04] [main/INFO] - net_kyori_adventure-text-feature-pagination: 4.0.0-SNAPSHOT
[06:55:04] [main/INFO] - net_kyori_adventure-text-logger-slf4j: 4.17.0
[06:55:04] [main/INFO] - net_kyori_adventure-text-minimessage: 4.17.0
[06:55:04] [main/INFO] - net_kyori_adventure-text-serializer-ansi: 4.17.0
[06:55:04] [main/INFO] - net_kyori_adventure-text-serializer-gson: 4.17.0
[06:55:04] [main/INFO] - net_kyori_adventure-text-serializer-json: 4.17.0
[06:55:04] [main/INFO] - net_kyori_adventure-text-serializer-legacy: 4.17.0
[06:55:04] [main/INFO] - net_kyori_adventure-text-serializer-plain: 4.17.0
[06:55:04] [main/INFO] - net_kyori_ansi: 1.1.0
[06:55:04] [main/INFO] - net_kyori_examination-api: 1.3.0
[06:55:04] [main/INFO] - net_kyori_examination-string: 1.3.0
[06:55:04] [main/INFO] - net_kyori_option: 1.0.0
[06:55:04] [main/INFO] - net_neoforged_bus: 7.2.0
[06:55:04] [main/INFO] - netherportalfix: 21.1.1
[06:55:04] [main/INFO] - org_incendo_cloud-brigadier: 2.0.0-beta.9
[06:55:04] [main/INFO] - org_incendo_cloud-core: 2.0.0
[06:55:04] [main/INFO] - org_incendo_cloud-minecraft-extras: 2.0.0-beta.9
[06:55:04] [main/INFO] - org_incendo_cloud-minecraft-modded-common-fabric-repack_: 2.0.0-beta.9
[06:55:04] [main/INFO] - org_incendo_cloud-services: 2.0.0
[06:55:04] [main/INFO] - org_javassist_javassist: 3.29.2-GA
[06:55:04] [main/INFO] - org_jetbrains_kotlin_kotlin-reflect: 2.0.21
[06:55:04] [main/INFO] - org_jetbrains_kotlin_kotlin-stdlib: 2.0.21
[06:55:04] [main/INFO] - org_jetbrains_kotlin_kotlin-stdlib-jdk7: 2.0.21
[06:55:04] [main/INFO] - org_jetbrains_kotlin_kotlin-stdlib-jdk8: 2.0.21
[06:55:04] [main/INFO] - org_jetbrains_kotlinx_atomicfu-jvm: 0.25.0
[06:55:04] [main/INFO] - org_jetbrains_kotlinx_kotlinx-coroutines-core-jvm: 1.9.0
[06:55:04] [main/INFO] - org_jetbrains_kotlinx_kotlinx-coroutines-jdk8: 1.9.0
[06:55:04] [main/INFO] - org_jetbrains_kotlinx_kotlinx-datetime-jvm: 0.6.1
[06:55:04] [main/INFO] - org_jetbrains_kotlinx_kotlinx-io-bytestring-jvm: 0.5.4
[06:55:04] [main/INFO] - org_jetbrains_kotlinx_kotlinx-io-core-jvm: 0.5.4
[06:55:04] [main/INFO] - org_jetbrains_kotlinx_kotlinx-serialization-cbor-jvm: 1.7.3
[06:55:04] [main/INFO] - org_jetbrains_kotlinx_kotlinx-serialization-core-jvm: 1.7.3
[06:55:04] [main/INFO] - org_jetbrains_kotlinx_kotlinx-serialization-json-jvm: 1.7.3
[06:55:04] [main/INFO] - org_quiltmc_parsers_gson: 0.2.1
[06:55:04] [main/INFO] - org_quiltmc_parsers_json: 0.2.1
[06:55:04] [main/INFO] - org_reflections_reflections: 0.10.2
[06:55:04] [main/INFO] - org_spongepowered_configurate-core: 4.1.2
[06:55:04] [main/INFO] - org_spongepowered_configurate-hocon: 4.1.2
[06:55:04] [main/INFO] - owo: 0.12.15+1.21
[06:55:04] [main/INFO] - pandalib: 0.4.2
[06:55:04] [main/INFO] - philipsruins: 1.21.1
[06:55:04] [main/INFO] - placeholder-api: 2.4.1+1.21
[06:55:04] [main/INFO] - prickle: 21.1.6
[06:55:04] [main/INFO] - puzzleslib: 21.1.22
[06:55:04] [main/INFO] - resourcefulconfig: 3.0.7
[06:55:04] [main/INFO] - resourcefullib: 3.0.11
[06:55:04] [main/INFO] - rightclickharvest: 4.4.3+1.21.1
[06:55:04] [main/INFO] - roughlyenoughitems: 16.0.788
[06:55:04] [main/INFO] - scalablelux: 0.1.0+fabric.26c6e72
[06:55:04] [main/INFO] - shulkerbox: 1.21.1-2.0.5
[06:55:04] [main/INFO] - spark: 1.10.109
[06:55:04] [main/INFO] - supermartijn642configlib: 1.1.8
[06:55:04] [main/INFO] - supermartijn642corelib: 1.1.17+c
[06:55:04] [main/INFO] - t_and_t: 1.13.2
[06:55:04] [main/INFO] - tabtps-fabric: 1.3.25
[06:55:04] [main/INFO] - tcdcommons: 3.12.4+fabric-1.21
[06:55:04] [main/INFO] - terrablender: 4.1.0.5
[06:55:04] [main/INFO] - toms_storage: 2.0.11
[06:55:04] [main/INFO] - tradingpost: 21.1.0
[06:55:04] [main/INFO] - trinkets: 3.10.0
[06:55:04] [main/INFO] - visibletraders: 0.0.6
[06:55:04] [main/INFO] - visualworkbench: 21.1.0
[06:55:04] [main/INFO] - voicechat: 1.21.1-2.5.26
[06:55:04] [main/INFO] - waystones: 21.1.5
[06:55:04] [main/INFO] - worldedit: 7.3.8+6939-7d32b45
[06:55:04] [main/INFO] - wover: 21.0.13
[06:55:04] [main/INFO] - wover-biome: 21.0.13
[06:55:04] [main/INFO] - wover-block: 21.0.13
[06:55:04] [main/INFO] - wover-common: 21.0.13
[06:55:04] [main/INFO] - wover-core: 21.0.13
[06:55:04] [main/INFO] - wover-datagen: 21.0.13
[06:55:04] [main/INFO] - wover-events: 21.0.13
[06:55:04] [main/INFO] - wover-feature: 21.0.13
[06:55:04] [main/INFO] - wover-generator: 21.0.13
[06:55:04] [main/INFO] - wover-item: 21.0.13
[06:55:04] [main/INFO] - wover-math: 21.0.13
[06:55:04] [main/INFO] - wover-preset: 21.0.13
[06:55:04] [main/INFO] - wover-recipe: 21.0.13
[06:55:04] [main/INFO] - wover-structure: 21.0.13
[06:55:04] [main/INFO] - wover-surface: 21.0.13
[06:55:04] [main/INFO] - wover-tag: 21.0.13
[06:55:04] [main/INFO] - wover-ui: 21.0.13
[06:55:04] [main/INFO] - wunderlib: 21.0.8
[06:55:04] [main/INFO] - yet_another_config_lib_v3: 3.6.1+1.21-fabric
[06:55:04] [main/INFO] - yigd: 2.4.11
[06:55:04] [main/INFO] - yungsapi: 1.21.1-Fabric-5.1.3
[06:55:04] [main/INFO] - yungsbridges: 1.21.1-Fabric-5.1.1
[06:55:04] [main/INFO] ========================================
[06:55:04] [main/INFO] [REI] Registered plugin provider DefaultPlugin [roughlyenoughitems] for REIPlugin
[06:55:04] [main/INFO] [REI] Registered plugin provider DefaultRuntimePlugin [roughlyenoughitems] for REIPlugin
[06:55:04] [main/INFO] [REI] Registered plugin provider DefaultPlugin [roughlyenoughitems] for REIServerPlugin
[06:55:04] [main/INFO] [REI] Registered plugin provider DefaultRuntimePlugin [roughlyenoughitems] for REIServerPlugin
[06:55:04] [main/INFO] [REI] Registered plugin provider FabricFluidAPISupportPlugin for REIServerPlugin
[06:55:04] [main/INFO] [REI] Registered plugin provider FabricFluidAPISupportPlugin for REIPlugin
[06:55:07] [Worker-Main-13/DEBUG] [REI] Processed 5 tags in 3.167 ms for minecraft:game_event
[06:55:07] [Worker-Main-6/DEBUG] [REI] Processed 2 tags in 3.333 ms for minecraft:cat_variant
[06:55:07] [Worker-Main-12/DEBUG] [REI] Processed 7 tags in 3.124 ms for minecraft:fluid
[06:55:07] [Worker-Main-8/DEBUG] [REI] Processed 39 tags in 2.737 ms for minecraft:entity_type
[06:55:07] [Worker-Main-2/DEBUG] [REI] Processed 3 tags in 3.329 ms for minecraft:point_of_interest_type
[06:55:07] [Worker-Main-15/DEBUG] [REI] Processed 0 tags in 13.70 μs for minecraft:enchantment
[06:55:07] [Worker-Main-9/DEBUG] [REI] Processed 0 tags in 2.300 μs for minecraft:worldgen/template_pool
[06:55:07] [Worker-Main-3/DEBUG] [REI] Processed 0 tags in 3.400 μs for minecraft:painting_variant
[06:55:07] [Worker-Main-5/DEBUG] [REI] Processed 0 tags in 4.700 μs for minecraft:banner_pattern
[06:55:07] [Worker-Main-7/DEBUG] [REI] Processed 0 tags in 14.60 μs for minecraft:worldgen/structure_set
[06:55:07] [Worker-Main-10/DEBUG] [REI] Processed 0 tags in 10.00 μs for minecraft:dimension_type
[06:55:07] [Worker-Main-4/DEBUG] [REI] Processed 0 tags in 10.90 μs for minecraft:damage_type
[06:55:07] [Worker-Main-11/DEBUG] [REI] Processed 0 tags in 21.60 μs for minecraft:worldgen/structure
[06:55:07] [Worker-Main-6/DEBUG] [REI] Processed 0 tags in 2.300 μs for minecraft:worldgen/flat_level_generator_preset
[06:55:07] [Worker-Main-8/DEBUG] [REI] Processed 0 tags in 2.700 μs for minecraft:worldgen/processor_list
[06:55:07] [Worker-Main-13/DEBUG] [REI] Processed 0 tags in 2.800 μs for minecraft:worldgen/world_preset
[06:55:07] [Worker-Main-12/DEBUG] [REI] Processed 3 tags in 11.10 μs for minecraft:instrument
[06:55:07] [Worker-Main-1/DEBUG] [REI] Processed 556 tags in 1.601 ms for minecraft:item
[06:55:07] [Worker-Main-14/DEBUG] [REI] Processed 406 tags in 2.357 ms for minecraft:block
[06:55:07] [Worker-Main-2/DEBUG] [REI] Processed 0 tags in 92.80 μs for minecraft:worldgen/biome
[06:55:07] [main/DEBUG] [REI] Starting Reload Plugins of stage null
java.lang.Throwable
	at knot//me.shedaniel.rei.impl.common.plugins.ReloadManagerImpl.reloadPlugins(ReloadManagerImpl.java:110)
	at knot//me.shedaniel.rei.RoughlyEnoughItemsCore.lambda$onInitialize$5(RoughlyEnoughItemsCore.java:163)
	at java.base/java.util.concurrent.CompletableFuture$UniRun.tryFire(Unknown Source)
	at java.base/java.util.concurrent.CompletableFuture$Completion.run(Unknown Source)
	at knot//net.minecraft.class_4014.method_18365(class_4014.java:69)
	at knot//net.minecraft.class_156.method_43498(class_156.java:1024)
	at knot//net.minecraft.class_156.method_43499(class_156.java:1012)
	at knot//net.minecraft.server.Main.main(Main.java:182)
	at net.fabricmc.loader.impl.game.minecraft.MinecraftGameProvider.launch(MinecraftGameProvider.java:480)
	at net.fabricmc.loader.impl.launch.knot.Knot.launch(Knot.java:74)
	at net.fabricmc.loader.impl.launch.knot.KnotServer.main(KnotServer.java:23)
	at net.fabricmc.loader.impl.launch.server.FabricServerLauncher.main(FabricServerLauncher.java:69)
	at net.fabricmc.installer.ServerLauncher.main(ServerLauncher.java:69)
[06:55:07] [main/DEBUG] [REI] ========================================
[06:55:07] [main/DEBUG] [REI] REIPlugin starting pre-reload for START.
[06:55:07] [main/DEBUG] [REI] Reloadables (7):
[06:55:07] [main/DEBUG] [REI]  - EntryTypeRegistryImpl
[06:55:07] [main/DEBUG] [REI]  - EntrySettingsAdapterRegistryImpl
[06:55:07] [main/DEBUG] [REI]  - RecipeManagerContextImpl
[06:55:07] [main/DEBUG] [REI]  - ItemComparatorRegistryImpl
[06:55:07] [main/DEBUG] [REI]  - FluidComparatorRegistryImpl
[06:55:07] [main/DEBUG] [REI]  - DisplaySerializerRegistryImpl
[06:55:07] [main/DEBUG] [REI]  - FluidSupportProviderImpl
[06:55:07] [main/DEBUG] [REI] Plugins (3):
[06:55:07] [main/DEBUG] [REI]  - (-100,00) DefaultPlugin of DefaultPlugin [roughlyenoughitems]
[06:55:07] [main/DEBUG] [REI]  - (0,00) FabricFluidAPISupportPlugin
[06:55:07] [main/DEBUG] [REI]  - (0,00) DefaultRuntimePlugin of DefaultRuntimePlugin [roughlyenoughitems]
[06:55:07] [main/DEBUG] [REI] ========================================
[06:55:07] [main/TRACE] [REI] [REIPlugin START] Reloading Section: "pre-register/"
[06:55:07] [main/TRACE] [REI] [REIPlugin START] Reloading Section: "pre-register/DefaultPlugin of DefaultPlugin [roughlyenoughitems]/"
[06:55:07] [main/TRACE] [REI] [REIPlugin START] Reloading Section: "pre-register/DefaultPlugin of DefaultPlugin [roughlyenoughitems]/" done in 878.9 μs
[06:55:07] [main/TRACE] [REI] [REIPlugin START] Reloading Section: "pre-register/FabricFluidAPISupportPlugin/"
[06:55:07] [main/TRACE] [REI] [REIPlugin START] Reloading Section: "pre-register/FabricFluidAPISupportPlugin/" done in 17.90 μs
[06:55:07] [main/TRACE] [REI] [REIPlugin START] Reloading Section: "pre-register/DefaultRuntimePlugin of DefaultRuntimePlugin [roughlyenoughitems]/"
[06:55:07] [main/TRACE] [REI] [REIPlugin START] Reloading Section: "pre-register/DefaultRuntimePlugin of DefaultRuntimePlugin [roughlyenoughitems]/" done in 43.60 μs
[06:55:07] [main/TRACE] [REI] [REIPlugin START] Reloading Section: "pre-register/" done in 18.89 ms
[06:55:07] [main/TRACE] [REI] [REIPlugin START] Reloading Section: "pre-stage/"
[06:55:07] [main/TRACE] [REI] [REIPlugin START] Reloading Section: "pre-stage/EntryTypeRegistryImpl/"
[06:55:07] [main/TRACE] [REI] [REIPlugin START] Reloading Section: "pre-stage/EntryTypeRegistryImpl/" done in 178.0 μs
[06:55:07] [main/TRACE] [REI] [REIPlugin START] Reloading Section: "pre-stage/EntrySettingsAdapterRegistryImpl/"
[06:55:07] [main/TRACE] [REI] [REIPlugin START] Reloading Section: "pre-stage/EntrySettingsAdapterRegistryImpl/" done in 28.70 μs
[06:55:07] [main/TRACE] [REI] [REIPlugin START] Reloading Section: "pre-stage/RecipeManagerContextImpl/"
[06:55:07] [main/TRACE] [REI] [REIPlugin START] Reloading Section: "pre-stage/RecipeManagerContextImpl/" done in 14.90 μs
[06:55:07] [main/TRACE] [REI] [REIPlugin START] Reloading Section: "pre-stage/ItemComparatorRegistryImpl/"
[06:55:07] [main/TRACE] [REI] [REIPlugin START] Reloading Section: "pre-stage/ItemComparatorRegistryImpl/" done in 14.10 μs
[06:55:07] [main/TRACE] [REI] [REIPlugin START] Reloading Section: "pre-stage/FluidComparatorRegistryImpl/"
[06:55:07] [main/TRACE] [REI] [REIPlugin START] Reloading Section: "pre-stage/FluidComparatorRegistryImpl/" done in 17.60 μs
[06:55:07] [main/TRACE] [REI] [REIPlugin START] Reloading Section: "pre-stage/DisplaySerializerRegistryImpl/"
[06:55:07] [main/TRACE] [REI] [REIPlugin START] Reloading Section: "pre-stage/DisplaySerializerRegistryImpl/" done in 13.60 μs
[06:55:07] [main/TRACE] [REI] [REIPlugin START] Reloading Section: "pre-stage/FluidSupportProviderImpl/"
[06:55:07] [main/TRACE] [REI] [REIPlugin START] Reloading Section: "pre-stage/FluidSupportProviderImpl/" done in 13.50 μs
[06:55:07] [main/TRACE] [REI] [REIPlugin START] Reloading Section: "pre-stage/" done in 550.2 μs
[06:55:07] [main/DEBUG] [REI] ========================================
[06:55:07] [main/DEBUG] [REI] REIPlugin finished pre-reload for START in 20.22 ms.
[06:55:07] [main/DEBUG] [REI] ========================================
[06:55:07] [main/DEBUG] [REI] ========================================
[06:55:07] [main/DEBUG] [REI] REIServerPlugin starting pre-reload for START.
[06:55:07] [main/DEBUG] [REI] Reloadables (2):
[06:55:07] [main/DEBUG] [REI]  - MenuInfoRegistryImpl
[06:55:07] [main/DEBUG] [REI]  - SlotAccessorRegistryImpl
[06:55:07] [main/DEBUG] [REI] Plugins (3):
[06:55:07] [main/DEBUG] [REI]  - (-100,00) DefaultPlugin of DefaultPlugin [roughlyenoughitems]
[06:55:07] [main/DEBUG] [REI]  - (0,00) FabricFluidAPISupportPlugin
[06:55:07] [main/DEBUG] [REI]  - (0,00) DefaultRuntimePlugin of DefaultRuntimePlugin [roughlyenoughitems]
[06:55:07] [main/DEBUG] [REI] ========================================
[06:55:07] [main/TRACE] [REI] [REIServerPlugin START] Reloading Section: "pre-register/"
[06:55:07] [main/TRACE] [REI] [REIServerPlugin START] Reloading Section: "pre-register/DefaultPlugin of DefaultPlugin [roughlyenoughitems]/"
[06:55:07] [main/TRACE] [REI] [REIServerPlugin START] Reloading Section: "pre-register/DefaultPlugin of DefaultPlugin [roughlyenoughitems]/" done in 18.40 μs
[06:55:07] [main/TRACE] [REI] [REIServerPlugin START] Reloading Section: "pre-register/FabricFluidAPISupportPlugin/"
[06:55:07] [main/TRACE] [REI] [REIServerPlugin START] Reloading Section: "pre-register/FabricFluidAPISupportPlugin/" done in 22.50 μs
[06:55:07] [main/TRACE] [REI] [REIServerPlugin START] Reloading Section: "pre-register/DefaultRuntimePlugin of DefaultRuntimePlugin [roughlyenoughitems]/"
[06:55:07] [main/TRACE] [REI] [REIServerPlugin START] Reloading Section: "pre-register/DefaultRuntimePlugin of DefaultRuntimePlugin [roughlyenoughitems]/" done in 12.50 μs
[06:55:07] [main/TRACE] [REI] [REIServerPlugin START] Reloading Section: "pre-register/" done in 195.3 μs
[06:55:07] [main/TRACE] [REI] [REIServerPlugin START] Reloading Section: "pre-stage/"
[06:55:07] [main/TRACE] [REI] [REIServerPlugin START] Reloading Section: "pre-stage/MenuInfoRegistryImpl/"
[06:55:07] [main/TRACE] [REI] [REIServerPlugin START] Reloading Section: "pre-stage/MenuInfoRegistryImpl/" done in 9.400 μs
[06:55:07] [main/TRACE] [REI] [REIServerPlugin START] Reloading Section: "pre-stage/SlotAccessorRegistryImpl/"
[06:55:07] [main/TRACE] [REI] [REIServerPlugin START] Reloading Section: "pre-stage/SlotAccessorRegistryImpl/" done in 13.10 μs
[06:55:07] [main/TRACE] [REI] [REIServerPlugin START] Reloading Section: "pre-stage/" done in 110.5 μs
[06:55:07] [main/DEBUG] [REI] ========================================
[06:55:07] [main/DEBUG] [REI] REIServerPlugin finished pre-reload for START in 345.9 μs.
[06:55:07] [main/DEBUG] [REI] ========================================
[06:55:07] [main/INFO] [REI] ****************************************
[06:55:07] [main/INFO] [REI] REIPlugin starting main-reload for START.
[06:55:07] [main/DEBUG] [REI] Reloadables (7):
[06:55:07] [main/DEBUG] [REI]  - EntryTypeRegistryImpl
[06:55:07] [main/DEBUG] [REI]  - EntrySettingsAdapterRegistryImpl
[06:55:07] [main/DEBUG] [REI]  - RecipeManagerContextImpl
[06:55:07] [main/DEBUG] [REI]  - ItemComparatorRegistryImpl
[06:55:07] [main/DEBUG] [REI]  - FluidComparatorRegistryImpl
[06:55:07] [main/DEBUG] [REI]  - DisplaySerializerRegistryImpl
[06:55:07] [main/DEBUG] [REI]  - FluidSupportProviderImpl
[06:55:07] [main/INFO] [REI] Plugins (3):
[06:55:07] [main/INFO] [REI]  - (-100,00) DefaultPlugin of DefaultPlugin [roughlyenoughitems]
[06:55:07] [main/INFO] [REI]  - (0,00) FabricFluidAPISupportPlugin
[06:55:07] [main/INFO] [REI]  - (0,00) DefaultRuntimePlugin of DefaultRuntimePlugin [roughlyenoughitems]
[06:55:07] [main/INFO] [REI] ****************************************
[06:55:07] [main/TRACE] [REI] [REIPlugin START] Reloading Section: "start-reload/"
[06:55:07] [main/TRACE] [REI] [REIPlugin START] Reloading Section: "start-reload/EntryTypeRegistryImpl/"
[06:55:07] [main/TRACE] [REI] [REIPlugin START] Reloading Section: "start-reload/EntryTypeRegistryImpl/" done in 49.50 μs
[06:55:07] [main/TRACE] [REI] [REIPlugin START] Reloading Section: "start-reload/EntrySettingsAdapterRegistryImpl/"
[06:55:07] [main/TRACE] [REI] [REIPlugin START] Reloading Section: "start-reload/EntrySettingsAdapterRegistryImpl/" done in 17.60 μs
[06:55:07] [main/TRACE] [REI] [REIPlugin START] Reloading Section: "start-reload/RecipeManagerContextImpl/"
[06:55:07] [main/TRACE] [REI] [REIPlugin START] Reloading Section: "start-reload/RecipeManagerContextImpl/" done in 13.40 μs
[06:55:07] [main/TRACE] [REI] [REIPlugin START] Reloading Section: "start-reload/ItemComparatorRegistryImpl/"
[06:55:07] [main/TRACE] [REI] [REIPlugin START] Reloading Section: "start-reload/ItemComparatorRegistryImpl/" done in 26.50 μs
[06:55:07] [main/TRACE] [REI] [REIPlugin START] Reloading Section: "start-reload/FluidComparatorRegistryImpl/"
[06:55:07] [main/TRACE] [REI] [REIPlugin START] Reloading Section: "start-reload/FluidComparatorRegistryImpl/" done in 19.00 μs
[06:55:07] [main/TRACE] [REI] [REIPlugin START] Reloading Section: "start-reload/DisplaySerializerRegistryImpl/"
[06:55:07] [main/TRACE] [REI] [REIPlugin START] Reloading Section: "start-reload/DisplaySerializerRegistryImpl/" done in 23.00 μs
[06:55:07] [main/TRACE] [REI] [REIPlugin START] Reloading Section: "start-reload/FluidSupportProviderImpl/"
[06:55:07] [main/TRACE] [REI] [REIPlugin START] Reloading Section: "start-reload/FluidSupportProviderImpl/" done in 30.40 μs
[06:55:07] [main/TRACE] [REI] [REIPlugin START] Reloading Section: "start-reload/" done in 544.7 μs
[06:55:07] [main/DEBUG] [REI] ========================================
[06:55:07] [main/DEBUG] [REI] REIPlugin started main-reload for START.
[06:55:07] [main/DEBUG] [REI] ========================================
[06:55:07] [main/TRACE] [REI] [REIPlugin START] Reloading Section: "reloadable-plugin/EntryTypeRegistryImpl/"
[06:55:07] [main/TRACE] [REI] [REIPlugin START] Reloading Section: "reloadable-plugin/EntryTypeRegistryImpl/DefaultPlugin of DefaultPlugin [roughlyenoughitems]/"
[06:55:07] [main/TRACE] [REI] [REIPlugin START] Reloading Section: "reloadable-plugin/EntryTypeRegistryImpl/DefaultPlugin of DefaultPlugin [roughlyenoughitems]/" done in 562.7 μs
[06:55:07] [main/TRACE] [REI] [REIPlugin START] Reloading Section: "reloadable-plugin/EntryTypeRegistryImpl/FabricFluidAPISupportPlugin/"
[06:55:07] [main/TRACE] [REI] [REIPlugin START] Reloading Section: "reloadable-plugin/EntryTypeRegistryImpl/FabricFluidAPISupportPlugin/" done in 79.20 μs
[06:55:07] [main/TRACE] [REI] [REIPlugin START] Reloading Section: "reloadable-plugin/EntryTypeRegistryImpl/DefaultRuntimePlugin of DefaultRuntimePlugin [roughlyenoughitems]/"
[06:55:07] [main/TRACE] [REI] [REIPlugin START] Reloading Section: "reloadable-plugin/EntryTypeRegistryImpl/DefaultRuntimePlugin of DefaultRuntimePlugin [roughlyenoughitems]/" done in 8.664 ms
[06:55:07] [main/TRACE] [REI] [REIPlugin START] Reloading Section: "reloadable-plugin/EntryTypeRegistryImpl/" done in 10.06 ms
[06:55:07] [main/TRACE] [REI] [REIPlugin START] Reloading Section: "reloadable-plugin/EntrySettingsAdapterRegistryImpl/"
[06:55:07] [main/TRACE] [REI] [REIPlugin START] Reloading Section: "reloadable-plugin/EntrySettingsAdapterRegistryImpl/DefaultPlugin of DefaultPlugin [roughlyenoughitems]/"
[06:55:07] [main/TRACE] [REI] [REIPlugin START] Reloading Section: "reloadable-plugin/EntrySettingsAdapterRegistryImpl/DefaultPlugin of DefaultPlugin [roughlyenoughitems]/" done in 19.60 μs
[06:55:07] [main/TRACE] [REI] [REIPlugin START] Reloading Section: "reloadable-plugin/EntrySettingsAdapterRegistryImpl/FabricFluidAPISupportPlugin/"
[06:55:07] [main/TRACE] [REI] [REIPlugin START] Reloading Section: "reloadable-plugin/EntrySettingsAdapterRegistryImpl/FabricFluidAPISupportPlugin/" done in 18.90 μs
[06:55:07] [main/TRACE] [REI] [REIPlugin START] Reloading Section: "reloadable-plugin/EntrySettingsAdapterRegistryImpl/DefaultRuntimePlugin of DefaultRuntimePlugin [roughlyenoughitems]/"
[06:55:07] [main/TRACE] [REI] [REIPlugin START] Reloading Section: "reloadable-plugin/EntrySettingsAdapterRegistryImpl/DefaultRuntimePlugin of DefaultRuntimePlugin [roughlyenoughitems]/" done in 21.90 μs
[06:55:07] [main/TRACE] [REI] [REIPlugin START] Reloading Section: "reloadable-plugin/EntrySettingsAdapterRegistryImpl/" done in 250.9 μs
[06:55:07] [main/TRACE] [REI] [REIPlugin START] Reloading Section: "reloadable-plugin/RecipeManagerContextImpl/"
[06:55:07] [main/TRACE] [REI] [REIPlugin START] Reloading Section: "reloadable-plugin/RecipeManagerContextImpl/DefaultPlugin of DefaultPlugin [roughlyenoughitems]/"
[06:55:07] [main/TRACE] [REI] [REIPlugin START] Reloading Section: "reloadable-plugin/RecipeManagerContextImpl/DefaultPlugin of DefaultPlugin [roughlyenoughitems]/" done in 18.20 μs
[06:55:07] [main/TRACE] [REI] [REIPlugin START] Reloading Section: "reloadable-plugin/RecipeManagerContextImpl/FabricFluidAPISupportPlugin/"
[06:55:07] [main/TRACE] [REI] [REIPlugin START] Reloading Section: "reloadable-plugin/RecipeManagerContextImpl/FabricFluidAPISupportPlugin/" done in 20.10 μs
[06:55:07] [main/TRACE] [REI] [REIPlugin START] Reloading Section: "reloadable-plugin/RecipeManagerContextImpl/DefaultRuntimePlugin of DefaultRuntimePlugin [roughlyenoughitems]/"
[06:55:07] [main/TRACE] [REI] [REIPlugin START] Reloading Section: "reloadable-plugin/RecipeManagerContextImpl/DefaultRuntimePlugin of DefaultRuntimePlugin [roughlyenoughitems]/" done in 16.90 μs
[06:55:07] [main/TRACE] [REI] [REIPlugin START] Reloading Section: "reloadable-plugin/RecipeManagerContextImpl/" done in 209.5 μs
[06:55:07] [main/TRACE] [REI] [REIPlugin START] Reloading Section: "reloadable-plugin/ItemComparatorRegistryImpl/"
[06:55:07] [main/TRACE] [REI] [REIPlugin START] Reloading Section: "reloadable-plugin/ItemComparatorRegistryImpl/DefaultPlugin of DefaultPlugin [roughlyenoughitems]/"
[06:55:07] [main/TRACE] [REI] [REIPlugin START] Reloading Section: "reloadable-plugin/ItemComparatorRegistryImpl/DefaultPlugin of DefaultPlugin [roughlyenoughitems]/" done in 1.521 ms
[06:55:07] [main/TRACE] [REI] [REIPlugin START] Reloading Section: "reloadable-plugin/ItemComparatorRegistryImpl/FabricFluidAPISupportPlugin/"
[06:55:07] [main/TRACE] [REI] [REIPlugin START] Reloading Section: "reloadable-plugin/ItemComparatorRegistryImpl/FabricFluidAPISupportPlugin/" done in 42.20 μs
[06:55:07] [main/TRACE] [REI] [REIPlugin START] Reloading Section: "reloadable-plugin/ItemComparatorRegistryImpl/DefaultRuntimePlugin of DefaultRuntimePlugin [roughlyenoughitems]/"
[06:55:07] [main/TRACE] [REI] [REIPlugin START] Reloading Section: "reloadable-plugin/ItemComparatorRegistryImpl/DefaultRuntimePlugin of DefaultRuntimePlugin [roughlyenoughitems]/" done in 18.50 μs
[06:55:07] [main/TRACE] [REI] [REIPlugin START] Reloading Section: "reloadable-plugin/ItemComparatorRegistryImpl/" done in 1.828 ms
[06:55:07] [main/TRACE] [REI] [REIPlugin START] Reloading Section: "reloadable-plugin/FluidComparatorRegistryImpl/"
[06:55:07] [main/TRACE] [REI] [REIPlugin START] Reloading Section: "reloadable-plugin/FluidComparatorRegistryImpl/DefaultPlugin of DefaultPlugin [roughlyenoughitems]/"
[06:55:07] [main/TRACE] [REI] [REIPlugin START] Reloading Section: "reloadable-plugin/FluidComparatorRegistryImpl/DefaultPlugin of DefaultPlugin [roughlyenoughitems]/" done in 25.90 μs
[06:55:07] [main/TRACE] [REI] [REIPlugin START] Reloading Section: "reloadable-plugin/FluidComparatorRegistryImpl/FabricFluidAPISupportPlugin/"
[06:55:07] [main/TRACE] [REI] [REIPlugin START] Reloading Section: "reloadable-plugin/FluidComparatorRegistryImpl/FabricFluidAPISupportPlugin/" done in 50.00 μs
[06:55:07] [main/TRACE] [REI] [REIPlugin START] Reloading Section: "reloadable-plugin/FluidComparatorRegistryImpl/DefaultRuntimePlugin of DefaultRuntimePlugin [roughlyenoughitems]/"
[06:55:07] [main/TRACE] [REI] [REIPlugin START] Reloading Section: "reloadable-plugin/FluidComparatorRegistryImpl/DefaultRuntimePlugin of DefaultRuntimePlugin [roughlyenoughitems]/" done in 19.90 μs
[06:55:07] [main/TRACE] [REI] [REIPlugin START] Reloading Section: "reloadable-plugin/FluidComparatorRegistryImpl/" done in 246.7 μs
[06:55:07] [main/TRACE] [REI] [REIPlugin START] Reloading Section: "reloadable-plugin/DisplaySerializerRegistryImpl/"
[06:55:07] [main/TRACE] [REI] [REIPlugin START] Reloading Section: "reloadable-plugin/DisplaySerializerRegistryImpl/DefaultPlugin of DefaultPlugin [roughlyenoughitems]/"
[06:55:07] [main/TRACE] [REI] [REIPlugin START] Reloading Section: "reloadable-plugin/DisplaySerializerRegistryImpl/DefaultPlugin of DefaultPlugin [roughlyenoughitems]/" done in 33.70 μs
[06:55:07] [main/TRACE] [REI] [REIPlugin START] Reloading Section: "reloadable-plugin/DisplaySerializerRegistryImpl/FabricFluidAPISupportPlugin/"
[06:55:07] [main/TRACE] [REI] [REIPlugin START] Reloading Section: "reloadable-plugin/DisplaySerializerRegistryImpl/FabricFluidAPISupportPlugin/" done in 100.2 μs
[06:55:07] [main/TRACE] [REI] [REIPlugin START] Reloading Section: "reloadable-plugin/DisplaySerializerRegistryImpl/DefaultRuntimePlugin of DefaultRuntimePlugin [roughlyenoughitems]/"
[06:55:07] [main/TRACE] [REI] [REIPlugin START] Reloading Section: "reloadable-plugin/DisplaySerializerRegistryImpl/DefaultRuntimePlugin of DefaultRuntimePlugin [roughlyenoughitems]/" done in 19.60 μs
[06:55:07] [main/TRACE] [REI] [REIPlugin START] Reloading Section: "reloadable-plugin/DisplaySerializerRegistryImpl/" done in 440.4 μs
[06:55:07] [main/TRACE] [REI] [REIPlugin START] Reloading Section: "reloadable-plugin/FluidSupportProviderImpl/"
[06:55:07] [main/TRACE] [REI] [REIPlugin START] Reloading Section: "reloadable-plugin/FluidSupportProviderImpl/DefaultPlugin of DefaultPlugin [roughlyenoughitems]/"
[06:55:07] [main/TRACE] [REI] [REIPlugin START] Reloading Section: "reloadable-plugin/FluidSupportProviderImpl/DefaultPlugin of DefaultPlugin [roughlyenoughitems]/" done in 497.6 μs
[06:55:07] [main/TRACE] [REI] [REIPlugin START] Reloading Section: "reloadable-plugin/FluidSupportProviderImpl/FabricFluidAPISupportPlugin/"
[06:55:07] [main/TRACE] [REI] [REIPlugin START] Reloading Section: "reloadable-plugin/FluidSupportProviderImpl/FabricFluidAPISupportPlugin/" done in 263.2 μs
[06:55:07] [main/TRACE] [REI] [REIPlugin START] Reloading Section: "reloadable-plugin/FluidSupportProviderImpl/DefaultRuntimePlugin of DefaultRuntimePlugin [roughlyenoughitems]/"
[06:55:07] [main/TRACE] [REI] [REIPlugin START] Reloading Section: "reloadable-plugin/FluidSupportProviderImpl/DefaultRuntimePlugin of DefaultRuntimePlugin [roughlyenoughitems]/" done in 20.80 μs
[06:55:07] [main/TRACE] [REI] [REIPlugin START] Reloading Section: "reloadable-plugin/FluidSupportProviderImpl/" done in 953.5 μs
[06:55:07] [main/DEBUG] [REI] ========================================
[06:55:07] [main/DEBUG] [REI] REIPlugin ending main-reload for START.
[06:55:07] [main/DEBUG] [REI] ========================================
[06:55:07] [main/TRACE] [REI] [REIPlugin START] Reloading Section: "end-reload/"
[06:55:07] [main/TRACE] [REI] [REIPlugin START] Reloading Section: "end-reload/EntryTypeRegistryImpl/"
[06:55:07] [main/TRACE] [REI] [REIPlugin START] Reloading Section: "end-reload/EntryTypeRegistryImpl/" done in 18.20 μs
[06:55:07] [main/TRACE] [REI] [REIPlugin START] Reloading Section: "end-reload/EntrySettingsAdapterRegistryImpl/"
[06:55:07] [main/TRACE] [REI] [REIPlugin START] Reloading Section: "end-reload/EntrySettingsAdapterRegistryImpl/" done in 12.40 μs
[06:55:07] [main/TRACE] [REI] [REIPlugin START] Reloading Section: "end-reload/RecipeManagerContextImpl/"
[06:55:07] [main/TRACE] [REI] [REIPlugin START] Reloading Section: "end-reload/RecipeManagerContextImpl/" done in 8.400 μs
[06:55:07] [main/TRACE] [REI] [REIPlugin START] Reloading Section: "end-reload/ItemComparatorRegistryImpl/"
[06:55:07] [main/TRACE] [REI] [REIPlugin START] Reloading Section: "end-reload/ItemComparatorRegistryImpl/" done in 7.600 μs
[06:55:07] [main/TRACE] [REI] [REIPlugin START] Reloading Section: "end-reload/FluidComparatorRegistryImpl/"
[06:55:07] [main/TRACE] [REI] [REIPlugin START] Reloading Section: "end-reload/FluidComparatorRegistryImpl/" done in 6.800 μs
[06:55:07] [main/TRACE] [REI] [REIPlugin START] Reloading Section: "end-reload/DisplaySerializerRegistryImpl/"
[06:55:07] [main/TRACE] [REI] [REIPlugin START] Reloading Section: "end-reload/DisplaySerializerRegistryImpl/" done in 7.300 μs
[06:55:07] [main/TRACE] [REI] [REIPlugin START] Reloading Section: "end-reload/FluidSupportProviderImpl/"
[06:55:07] [main/TRACE] [REI] [REIPlugin START] Reloading Section: "end-reload/FluidSupportProviderImpl/" done in 6.800 μs
[06:55:07] [main/TRACE] [REI] [REIPlugin START] Reloading Section: "end-reload/" done in 207.7 μs
[06:55:07] [main/DEBUG] [REI] ========================================
[06:55:07] [main/DEBUG] [REI] REIPlugin ended main-reload for START in 16.68 ms.
[06:55:07] [main/DEBUG] [REI] ========================================
[06:55:07] [main/INFO] [REI] ~~~~~~~~~~~~~~~~~~~~~~~~~~~~~~~~~~~~~~~~
[06:55:07] [main/INFO] [REI] REIServerPlugin starting main-reload for START.
[06:55:07] [main/DEBUG] [REI] Reloadables (2):
[06:55:07] [main/DEBUG] [REI]  - MenuInfoRegistryImpl
[06:55:07] [main/DEBUG] [REI]  - SlotAccessorRegistryImpl
[06:55:07] [main/INFO] [REI] Plugins (3):
[06:55:07] [main/INFO] [REI]  - (-100,00) DefaultPlugin of DefaultPlugin [roughlyenoughitems]
[06:55:07] [main/INFO] [REI]  - (0,00) FabricFluidAPISupportPlugin
[06:55:07] [main/INFO] [REI]  - (0,00) DefaultRuntimePlugin of DefaultRuntimePlugin [roughlyenoughitems]
[06:55:07] [main/INFO] [REI] ~~~~~~~~~~~~~~~~~~~~~~~~~~~~~~~~~~~~~~~~
[06:55:07] [main/TRACE] [REI] [REIServerPlugin START] Reloading Section: "start-reload/"
[06:55:07] [main/TRACE] [REI] [REIServerPlugin START] Reloading Section: "start-reload/MenuInfoRegistryImpl/"
[06:55:07] [main/TRACE] [REI] [REIServerPlugin START] Reloading Section: "start-reload/MenuInfoRegistryImpl/" done in 17.10 μs
[06:55:07] [main/TRACE] [REI] [REIServerPlugin START] Reloading Section: "start-reload/SlotAccessorRegistryImpl/"
[06:55:07] [main/TRACE] [REI] [REIServerPlugin START] Reloading Section: "start-reload/SlotAccessorRegistryImpl/" done in 13.00 μs
[06:55:07] [main/TRACE] [REI] [REIServerPlugin START] Reloading Section: "start-reload/" done in 139.1 μs
[06:55:07] [main/DEBUG] [REI] ========================================
[06:55:07] [main/DEBUG] [REI] REIServerPlugin started main-reload for START.
[06:55:07] [main/DEBUG] [REI] ========================================
[06:55:07] [main/TRACE] [REI] [REIServerPlugin START] Reloading Section: "reloadable-plugin/MenuInfoRegistryImpl/"
[06:55:07] [main/TRACE] [REI] [REIServerPlugin START] Reloading Section: "reloadable-plugin/MenuInfoRegistryImpl/DefaultPlugin of DefaultPlugin [roughlyenoughitems]/"
[06:55:07] [main/TRACE] [REI] [REIServerPlugin START] Reloading Section: "reloadable-plugin/MenuInfoRegistryImpl/DefaultPlugin of DefaultPlugin [roughlyenoughitems]/" done in 17.80 μs
[06:55:07] [main/TRACE] [REI] [REIServerPlugin START] Reloading Section: "reloadable-plugin/MenuInfoRegistryImpl/FabricFluidAPISupportPlugin/"
[06:55:07] [main/TRACE] [REI] [REIServerPlugin START] Reloading Section: "reloadable-plugin/MenuInfoRegistryImpl/FabricFluidAPISupportPlugin/" done in 37.10 μs
[06:55:07] [main/TRACE] [REI] [REIServerPlugin START] Reloading Section: "reloadable-plugin/MenuInfoRegistryImpl/DefaultRuntimePlugin of DefaultRuntimePlugin [roughlyenoughitems]/"
[06:55:07] [main/TRACE] [REI] [REIServerPlugin START] Reloading Section: "reloadable-plugin/MenuInfoRegistryImpl/DefaultRuntimePlugin of DefaultRuntimePlugin [roughlyenoughitems]/" done in 16.60 μs
[06:55:07] [main/TRACE] [REI] [REIServerPlugin START] Reloading Section: "reloadable-plugin/MenuInfoRegistryImpl/" done in 215.4 μs
[06:55:07] [main/TRACE] [REI] [REIServerPlugin START] Reloading Section: "reloadable-plugin/SlotAccessorRegistryImpl/"
[06:55:07] [main/TRACE] [REI] [REIServerPlugin START] Reloading Section: "reloadable-plugin/SlotAccessorRegistryImpl/DefaultPlugin of DefaultPlugin [roughlyenoughitems]/"
[06:55:07] [main/TRACE] [REI] [REIServerPlugin START] Reloading Section: "reloadable-plugin/SlotAccessorRegistryImpl/DefaultPlugin of DefaultPlugin [roughlyenoughitems]/" done in 17.20 μs
[06:55:07] [main/TRACE] [REI] [REIServerPlugin START] Reloading Section: "reloadable-plugin/SlotAccessorRegistryImpl/FabricFluidAPISupportPlugin/"
[06:55:07] [main/TRACE] [REI] [REIServerPlugin START] Reloading Section: "reloadable-plugin/SlotAccessorRegistryImpl/FabricFluidAPISupportPlugin/" done in 15.50 μs
[06:55:07] [main/TRACE] [REI] [REIServerPlugin START] Reloading Section: "reloadable-plugin/SlotAccessorRegistryImpl/DefaultRuntimePlugin of DefaultRuntimePlugin [roughlyenoughitems]/"
[06:55:07] [main/TRACE] [REI] [REIServerPlugin START] Reloading Section: "reloadable-plugin/SlotAccessorRegistryImpl/DefaultRuntimePlugin of DefaultRuntimePlugin [roughlyenoughitems]/" done in 15.10 μs
[06:55:07] [main/TRACE] [REI] [REIServerPlugin START] Reloading Section: "reloadable-plugin/SlotAccessorRegistryImpl/" done in 218.6 μs
[06:55:07] [main/DEBUG] [REI] ========================================
[06:55:07] [main/DEBUG] [REI] REIServerPlugin ending main-reload for START.
[06:55:07] [main/DEBUG] [REI] ========================================
[06:55:07] [main/TRACE] [REI] [REIServerPlugin START] Reloading Section: "end-reload/"
[06:55:07] [main/TRACE] [REI] [REIServerPlugin START] Reloading Section: "end-reload/MenuInfoRegistryImpl/"
[06:55:07] [main/TRACE] [REI] [REIServerPlugin START] Reloading Section: "end-reload/MenuInfoRegistryImpl/" done in 11.30 μs
[06:55:07] [main/TRACE] [REI] [REIServerPlugin START] Reloading Section: "end-reload/SlotAccessorRegistryImpl/"
[06:55:07] [main/TRACE] [REI] [REIServerPlugin START] Reloading Section: "end-reload/SlotAccessorRegistryImpl/" done in 10.40 μs
[06:55:07] [main/TRACE] [REI] [REIServerPlugin START] Reloading Section: "end-reload/" done in 77.80 μs
[06:55:07] [main/DEBUG] [REI] ========================================
[06:55:07] [main/DEBUG] [REI] REIServerPlugin ended main-reload for START in 1.805 ms.
[06:55:07] [main/DEBUG] [REI] ========================================
[06:55:07] [main/DEBUG] [REI] ========================================
[06:55:07] [main/DEBUG] [REI] REIPlugin starting post-reload for START.
[06:55:07] [main/DEBUG] [REI] Reloadables (7):
[06:55:07] [main/DEBUG] [REI]  - EntryTypeRegistryImpl
[06:55:07] [main/DEBUG] [REI]  - EntrySettingsAdapterRegistryImpl
[06:55:07] [main/DEBUG] [REI]  - RecipeManagerContextImpl
[06:55:07] [main/DEBUG] [REI]  - ItemComparatorRegistryImpl
[06:55:07] [main/DEBUG] [REI]  - FluidComparatorRegistryImpl
[06:55:07] [main/DEBUG] [REI]  - DisplaySerializerRegistryImpl
[06:55:07] [main/DEBUG] [REI]  - FluidSupportProviderImpl
[06:55:07] [main/DEBUG] [REI] Plugins (3):
[06:55:07] [main/DEBUG] [REI]  - (-100,00) DefaultPlugin of DefaultPlugin [roughlyenoughitems]
[06:55:07] [main/DEBUG] [REI]  - (0,00) FabricFluidAPISupportPlugin
[06:55:07] [main/DEBUG] [REI]  - (0,00) DefaultRuntimePlugin of DefaultRuntimePlugin [roughlyenoughitems]
[06:55:07] [main/DEBUG] [REI] ========================================
[06:55:07] [main/TRACE] [REI] [REIPlugin START] Reloading Section: "post-register/"
[06:55:07] [main/TRACE] [REI] [REIPlugin START] Reloading Section: "post-register/DefaultPlugin of DefaultPlugin [roughlyenoughitems]/"
[06:55:07] [main/TRACE] [REI] [REIPlugin START] Reloading Section: "post-register/DefaultPlugin of DefaultPlugin [roughlyenoughitems]/" done in 817.1 μs
[06:55:07] [main/TRACE] [REI] [REIPlugin START] Reloading Section: "post-register/FabricFluidAPISupportPlugin/"
[06:55:07] [main/TRACE] [REI] [REIPlugin START] Reloading Section: "post-register/FabricFluidAPISupportPlugin/" done in 24.40 μs
[06:55:07] [main/TRACE] [REI] [REIPlugin START] Reloading Section: "post-register/DefaultRuntimePlugin of DefaultRuntimePlugin [roughlyenoughitems]/"
[06:55:07] [main/TRACE] [REI] [REIPlugin START] Reloading Section: "post-register/DefaultRuntimePlugin of DefaultRuntimePlugin [roughlyenoughitems]/" done in 20.30 μs
[06:55:07] [main/TRACE] [REI] [REIPlugin START] Reloading Section: "post-register/" done in 1.787 ms
[06:55:07] [main/TRACE] [REI] [REIPlugin START] Reloading Section: "post-stage/"
[06:55:07] [main/TRACE] [REI] [REIPlugin START] Reloading Section: "post-stage/EntryTypeRegistryImpl/"
[06:55:07] [main/TRACE] [REI] [REIPlugin START] Reloading Section: "post-stage/EntryTypeRegistryImpl/" done in 21.70 μs
[06:55:07] [main/TRACE] [REI] [REIPlugin START] Reloading Section: "post-stage/EntrySettingsAdapterRegistryImpl/"
[06:55:07] [main/TRACE] [REI] [REIPlugin START] Reloading Section: "post-stage/EntrySettingsAdapterRegistryImpl/" done in 12.00 μs
[06:55:07] [main/TRACE] [REI] [REIPlugin START] Reloading Section: "post-stage/RecipeManagerContextImpl/"
[06:55:07] [main/TRACE] [REI] [REIPlugin START] Reloading Section: "post-stage/RecipeManagerContextImpl/" done in 11.80 μs
[06:55:07] [main/TRACE] [REI] [REIPlugin START] Reloading Section: "post-stage/ItemComparatorRegistryImpl/"
[06:55:07] [main/TRACE] [REI] [REIPlugin START] Reloading Section: "post-stage/ItemComparatorRegistryImpl/" done in 10.60 μs
[06:55:07] [main/TRACE] [REI] [REIPlugin START] Reloading Section: "post-stage/FluidComparatorRegistryImpl/"
[06:55:07] [main/TRACE] [REI] [REIPlugin START] Reloading Section: "post-stage/FluidComparatorRegistryImpl/" done in 10.60 μs
[06:55:07] [main/TRACE] [REI] [REIPlugin START] Reloading Section: "post-stage/DisplaySerializerRegistryImpl/"
[06:55:07] [main/TRACE] [REI] [REIPlugin START] Reloading Section: "post-stage/DisplaySerializerRegistryImpl/" done in 11.00 μs
[06:55:07] [main/TRACE] [REI] [REIPlugin START] Reloading Section: "post-stage/FluidSupportProviderImpl/"
[06:55:07] [main/TRACE] [REI] [REIPlugin START] Reloading Section: "post-stage/FluidSupportProviderImpl/" done in 9.600 μs
[06:55:07] [main/TRACE] [REI] [REIPlugin START] Reloading Section: "post-stage/" done in 312.6 μs
[06:55:07] [main/DEBUG] [REI] ========================================
[06:55:07] [main/INFO] [REI] REIPlugin finished post-reload for START in 2.186 ms, totaling 39.08 ms.
[06:55:07] [main/DEBUG] [REI] ========================================
[06:55:07] [main/DEBUG] [REI] ========================================
[06:55:07] [main/DEBUG] [REI] REIServerPlugin starting post-reload for START.
[06:55:07] [main/DEBUG] [REI] Reloadables (2):
[06:55:07] [main/DEBUG] [REI]  - MenuInfoRegistryImpl
[06:55:07] [main/DEBUG] [REI]  - SlotAccessorRegistryImpl
[06:55:07] [main/DEBUG] [REI] Plugins (3):
[06:55:07] [main/DEBUG] [REI]  - (-100,00) DefaultPlugin of DefaultPlugin [roughlyenoughitems]
[06:55:07] [main/DEBUG] [REI]  - (0,00) FabricFluidAPISupportPlugin
[06:55:07] [main/DEBUG] [REI]  - (0,00) DefaultRuntimePlugin of DefaultRuntimePlugin [roughlyenoughitems]
[06:55:07] [main/DEBUG] [REI] ========================================
[06:55:07] [main/TRACE] [REI] [REIServerPlugin START] Reloading Section: "post-register/"
[06:55:07] [main/TRACE] [REI] [REIServerPlugin START] Reloading Section: "post-register/DefaultPlugin of DefaultPlugin [roughlyenoughitems]/"
[06:55:07] [main/TRACE] [REI] [REIServerPlugin START] Reloading Section: "post-register/DefaultPlugin of DefaultPlugin [roughlyenoughitems]/" done in 37.40 μs
[06:55:07] [main/TRACE] [REI] [REIServerPlugin START] Reloading Section: "post-register/FabricFluidAPISupportPlugin/"
[06:55:07] [main/TRACE] [REI] [REIServerPlugin START] Reloading Section: "post-register/FabricFluidAPISupportPlugin/" done in 16.90 μs
[06:55:07] [main/TRACE] [REI] [REIServerPlugin START] Reloading Section: "post-register/DefaultRuntimePlugin of DefaultRuntimePlugin [roughlyenoughitems]/"
[06:55:07] [main/TRACE] [REI] [REIServerPlugin START] Reloading Section: "post-register/DefaultRuntimePlugin of DefaultRuntimePlugin [roughlyenoughitems]/" done in 125.6 μs
[06:55:07] [main/TRACE] [REI] [REIServerPlugin START] Reloading Section: "post-register/" done in 315.0 μs
[06:55:07] [main/TRACE] [REI] [REIServerPlugin START] Reloading Section: "post-stage/"
[06:55:07] [main/TRACE] [REI] [REIServerPlugin START] Reloading Section: "post-stage/MenuInfoRegistryImpl/"
[06:55:07] [main/TRACE] [REI] [REIServerPlugin START] Reloading Section: "post-stage/MenuInfoRegistryImpl/" done in 12.20 μs
[06:55:07] [main/TRACE] [REI] [REIServerPlugin START] Reloading Section: "post-stage/SlotAccessorRegistryImpl/"
[06:55:07] [main/TRACE] [REI] [REIServerPlugin START] Reloading Section: "post-stage/SlotAccessorRegistryImpl/" done in 11.20 μs
[06:55:07] [main/TRACE] [REI] [REIServerPlugin START] Reloading Section: "post-stage/" done in 82.10 μs
[06:55:07] [main/DEBUG] [REI] ========================================
[06:55:07] [main/INFO] [REI] REIServerPlugin finished post-reload for START in 438.4 μs, totaling 2.579 ms.
[06:55:07] [main/DEBUG] [REI] ========================================
[06:55:07] [main/DEBUG] [REI] ========================================
[06:55:07] [main/DEBUG] [REI] REIPlugin starting pre-reload for END.
[06:55:07] [main/DEBUG] [REI] Reloadables (7):
[06:55:07] [main/DEBUG] [REI]  - EntryTypeRegistryImpl
[06:55:07] [main/DEBUG] [REI]  - EntrySettingsAdapterRegistryImpl
[06:55:07] [main/DEBUG] [REI]  - RecipeManagerContextImpl
[06:55:07] [main/DEBUG] [REI]  - ItemComparatorRegistryImpl
[06:55:07] [main/DEBUG] [REI]  - FluidComparatorRegistryImpl
[06:55:07] [main/DEBUG] [REI]  - DisplaySerializerRegistryImpl
[06:55:07] [main/DEBUG] [REI]  - FluidSupportProviderImpl
[06:55:07] [main/DEBUG] [REI] Plugins (3):
[06:55:07] [main/DEBUG] [REI]  - (-100,00) DefaultPlugin of DefaultPlugin [roughlyenoughitems]
[06:55:07] [main/DEBUG] [REI]  - (0,00) FabricFluidAPISupportPlugin
[06:55:07] [main/DEBUG] [REI]  - (0,00) DefaultRuntimePlugin of DefaultRuntimePlugin [roughlyenoughitems]
[06:55:07] [main/DEBUG] [REI] ========================================
[06:55:07] [main/TRACE] [REI] [REIPlugin END] Reloading Section: "pre-register/"
[06:55:07] [main/TRACE] [REI] [REIPlugin END] Reloading Section: "pre-register/DefaultPlugin of DefaultPlugin [roughlyenoughitems]/"
[06:55:07] [main/TRACE] [REI] [REIPlugin END] Reloading Section: "pre-register/DefaultPlugin of DefaultPlugin [roughlyenoughitems]/" done in 10.70 μs
[06:55:07] [main/TRACE] [REI] [REIPlugin END] Reloading Section: "pre-register/FabricFluidAPISupportPlugin/"
[06:55:07] [main/TRACE] [REI] [REIPlugin END] Reloading Section: "pre-register/FabricFluidAPISupportPlugin/" done in 8.600 μs
[06:55:07] [main/TRACE] [REI] [REIPlugin END] Reloading Section: "pre-register/DefaultRuntimePlugin of DefaultRuntimePlugin [roughlyenoughitems]/"
[06:55:07] [main/TRACE] [REI] [REIPlugin END] Reloading Section: "pre-register/DefaultRuntimePlugin of DefaultRuntimePlugin [roughlyenoughitems]/" done in 8.200 μs
[06:55:07] [main/TRACE] [REI] [REIPlugin END] Reloading Section: "pre-register/" done in 93.90 μs
[06:55:07] [main/TRACE] [REI] [REIPlugin END] Reloading Section: "pre-stage/"
[06:55:07] [main/TRACE] [REI] [REIPlugin END] Reloading Section: "pre-stage/EntryTypeRegistryImpl/"
[06:55:07] [main/TRACE] [REI] [REIPlugin END] Reloading Section: "pre-stage/EntryTypeRegistryImpl/" done in 9.700 μs
[06:55:07] [main/TRACE] [REI] [REIPlugin END] Reloading Section: "pre-stage/EntrySettingsAdapterRegistryImpl/"
[06:55:07] [main/TRACE] [REI] [REIPlugin END] Reloading Section: "pre-stage/EntrySettingsAdapterRegistryImpl/" done in 17.80 μs
[06:55:07] [main/TRACE] [REI] [REIPlugin END] Reloading Section: "pre-stage/RecipeManagerContextImpl/"
[06:55:07] [main/TRACE] [REI] [REIPlugin END] Reloading Section: "pre-stage/RecipeManagerContextImpl/" done in 13.50 μs
[06:55:07] [main/TRACE] [REI] [REIPlugin END] Reloading Section: "pre-stage/ItemComparatorRegistryImpl/"
[06:55:07] [main/TRACE] [REI] [REIPlugin END] Reloading Section: "pre-stage/ItemComparatorRegistryImpl/" done in 46.90 μs
[06:55:07] [main/TRACE] [REI] [REIPlugin END] Reloading Section: "pre-stage/FluidComparatorRegistryImpl/"
[06:55:07] [main/TRACE] [REI] [REIPlugin END] Reloading Section: "pre-stage/FluidComparatorRegistryImpl/" done in 13.00 μs
[06:55:07] [main/TRACE] [REI] [REIPlugin END] Reloading Section: "pre-stage/DisplaySerializerRegistryImpl/"
[06:55:07] [main/TRACE] [REI] [REIPlugin END] Reloading Section: "pre-stage/DisplaySerializerRegistryImpl/" done in 13.10 μs
[06:55:07] [main/TRACE] [REI] [REIPlugin END] Reloading Section: "pre-stage/FluidSupportProviderImpl/"
[06:55:07] [main/TRACE] [REI] [REIPlugin END] Reloading Section: "pre-stage/FluidSupportProviderImpl/" done in 10.30 μs
[06:55:07] [main/TRACE] [REI] [REIPlugin END] Reloading Section: "pre-stage/" done in 469.7 μs
[06:55:07] [main/DEBUG] [REI] ========================================
[06:55:07] [main/DEBUG] [REI] REIPlugin finished pre-reload for END in 635.0 μs.
[06:55:07] [main/DEBUG] [REI] ========================================
[06:55:07] [main/DEBUG] [REI] ========================================
[06:55:07] [main/DEBUG] [REI] REIServerPlugin starting pre-reload for END.
[06:55:07] [main/DEBUG] [REI] Reloadables (2):
[06:55:07] [main/DEBUG] [REI]  - MenuInfoRegistryImpl
[06:55:07] [main/DEBUG] [REI]  - SlotAccessorRegistryImpl
[06:55:07] [main/DEBUG] [REI] Plugins (3):
[06:55:07] [main/DEBUG] [REI]  - (-100,00) DefaultPlugin of DefaultPlugin [roughlyenoughitems]
[06:55:07] [main/DEBUG] [REI]  - (0,00) FabricFluidAPISupportPlugin
[06:55:07] [main/DEBUG] [REI]  - (0,00) DefaultRuntimePlugin of DefaultRuntimePlugin [roughlyenoughitems]
[06:55:07] [main/DEBUG] [REI] ========================================
[06:55:07] [main/TRACE] [REI] [REIServerPlugin END] Reloading Section: "pre-register/"
[06:55:07] [main/TRACE] [REI] [REIServerPlugin END] Reloading Section: "pre-register/DefaultPlugin of DefaultPlugin [roughlyenoughitems]/"
[06:55:07] [main/TRACE] [REI] [REIServerPlugin END] Reloading Section: "pre-register/DefaultPlugin of DefaultPlugin [roughlyenoughitems]/" done in 18.20 μs
[06:55:07] [main/TRACE] [REI] [REIServerPlugin END] Reloading Section: "pre-register/FabricFluidAPISupportPlugin/"
[06:55:07] [main/TRACE] [REI] [REIServerPlugin END] Reloading Section: "pre-register/FabricFluidAPISupportPlugin/" done in 7.600 μs
[06:55:07] [main/TRACE] [REI] [REIServerPlugin END] Reloading Section: "pre-register/DefaultRuntimePlugin of DefaultRuntimePlugin [roughlyenoughitems]/"
[06:55:07] [main/TRACE] [REI] [REIServerPlugin END] Reloading Section: "pre-register/DefaultRuntimePlugin of DefaultRuntimePlugin [roughlyenoughitems]/" done in 6.700 μs
[06:55:07] [main/TRACE] [REI] [REIServerPlugin END] Reloading Section: "pre-register/" done in 97.10 μs
[06:55:07] [main/TRACE] [REI] [REIServerPlugin END] Reloading Section: "pre-stage/"
[06:55:07] [main/TRACE] [REI] [REIServerPlugin END] Reloading Section: "pre-stage/MenuInfoRegistryImpl/"
[06:55:07] [main/TRACE] [REI] [REIServerPlugin END] Reloading Section: "pre-stage/MenuInfoRegistryImpl/" done in 6.600 μs
[06:55:07] [main/TRACE] [REI] [REIServerPlugin END] Reloading Section: "pre-stage/SlotAccessorRegistryImpl/"
[06:55:07] [main/TRACE] [REI] [REIServerPlugin END] Reloading Section: "pre-stage/SlotAccessorRegistryImpl/" done in 5.700 μs
[06:55:07] [main/TRACE] [REI] [REIServerPlugin END] Reloading Section: "pre-stage/" done in 41.10 μs
[06:55:07] [main/DEBUG] [REI] ========================================
[06:55:07] [main/DEBUG] [REI] REIServerPlugin finished pre-reload for END in 158.0 μs.
[06:55:07] [main/DEBUG] [REI] ========================================
[06:55:07] [main/INFO] [REI] ----------------------------------------
[06:55:07] [main/INFO] [REI] REIPlugin starting main-reload for END.
[06:55:07] [main/DEBUG] [REI] Reloadables (7):
[06:55:07] [main/DEBUG] [REI]  - EntryTypeRegistryImpl
[06:55:07] [main/DEBUG] [REI]  - EntrySettingsAdapterRegistryImpl
[06:55:07] [main/DEBUG] [REI]  - RecipeManagerContextImpl
[06:55:07] [main/DEBUG] [REI]  - ItemComparatorRegistryImpl
[06:55:07] [main/DEBUG] [REI]  - FluidComparatorRegistryImpl
[06:55:07] [main/DEBUG] [REI]  - DisplaySerializerRegistryImpl
[06:55:07] [main/DEBUG] [REI]  - FluidSupportProviderImpl
[06:55:07] [main/INFO] [REI] Plugins (3):
[06:55:07] [main/INFO] [REI]  - (-100,00) DefaultPlugin of DefaultPlugin [roughlyenoughitems]
[06:55:07] [main/INFO] [REI]  - (0,00) FabricFluidAPISupportPlugin
[06:55:07] [main/INFO] [REI]  - (0,00) DefaultRuntimePlugin of DefaultRuntimePlugin [roughlyenoughitems]
[06:55:07] [main/INFO] [REI] ----------------------------------------
[06:55:07] [main/TRACE] [REI] [REIPlugin END] Reloading Section: "start-reload/"
[06:55:07] [main/TRACE] [REI] [REIPlugin END] Reloading Section: "start-reload/EntryTypeRegistryImpl/"
[06:55:07] [main/TRACE] [REI] [REIPlugin END] Reloading Section: "start-reload/EntryTypeRegistryImpl/" done in 12.30 μs
[06:55:07] [main/TRACE] [REI] [REIPlugin END] Reloading Section: "start-reload/EntrySettingsAdapterRegistryImpl/"
[06:55:07] [main/TRACE] [REI] [REIPlugin END] Reloading Section: "start-reload/EntrySettingsAdapterRegistryImpl/" done in 16.10 μs
[06:55:07] [main/TRACE] [REI] [REIPlugin END] Reloading Section: "start-reload/RecipeManagerContextImpl/"
[06:55:07] [main/TRACE] [REI] [REIPlugin END] Reloading Section: "start-reload/RecipeManagerContextImpl/" done in 10.60 μs
[06:55:07] [main/TRACE] [REI] [REIPlugin END] Reloading Section: "start-reload/ItemComparatorRegistryImpl/"
[06:55:07] [main/TRACE] [REI] [REIPlugin END] Reloading Section: "start-reload/ItemComparatorRegistryImpl/" done in 9.600 μs
[06:55:07] [main/TRACE] [REI] [REIPlugin END] Reloading Section: "start-reload/FluidComparatorRegistryImpl/"
[06:55:07] [main/TRACE] [REI] [REIPlugin END] Reloading Section: "start-reload/FluidComparatorRegistryImpl/" done in 11.80 μs
[06:55:07] [main/TRACE] [REI] [REIPlugin END] Reloading Section: "start-reload/DisplaySerializerRegistryImpl/"
[06:55:07] [main/TRACE] [REI] [REIPlugin END] Reloading Section: "start-reload/DisplaySerializerRegistryImpl/" done in 12.90 μs
[06:55:07] [main/TRACE] [REI] [REIPlugin END] Reloading Section: "start-reload/FluidSupportProviderImpl/"
[06:55:07] [main/TRACE] [REI] [REIPlugin END] Reloading Section: "start-reload/FluidSupportProviderImpl/" done in 10.90 μs
[06:55:07] [main/TRACE] [REI] [REIPlugin END] Reloading Section: "start-reload/" done in 318.0 μs
[06:55:07] [main/DEBUG] [REI] ========================================
[06:55:07] [main/DEBUG] [REI] REIPlugin started main-reload for END.
[06:55:07] [main/DEBUG] [REI] ========================================
[06:55:07] [main/TRACE] [REI] [REIPlugin END] Reloading Section: "reloadable-plugin/EntryTypeRegistryImpl/"
[06:55:07] [main/TRACE] [REI] [REIPlugin END] Reloading Section: "reloadable-plugin/EntryTypeRegistryImpl/DefaultPlugin of DefaultPlugin [roughlyenoughitems]/"
[06:55:07] [main/TRACE] [REI] [REIPlugin END] Reloading Section: "reloadable-plugin/EntryTypeRegistryImpl/DefaultPlugin of DefaultPlugin [roughlyenoughitems]/" done in 14.10 μs
[06:55:07] [main/TRACE] [REI] [REIPlugin END] Reloading Section: "reloadable-plugin/EntryTypeRegistryImpl/FabricFluidAPISupportPlugin/"
[06:55:07] [main/TRACE] [REI] [REIPlugin END] Reloading Section: "reloadable-plugin/EntryTypeRegistryImpl/FabricFluidAPISupportPlugin/" done in 12.90 μs
[06:55:07] [main/TRACE] [REI] [REIPlugin END] Reloading Section: "reloadable-plugin/EntryTypeRegistryImpl/DefaultRuntimePlugin of DefaultRuntimePlugin [roughlyenoughitems]/"
[06:55:07] [main/TRACE] [REI] [REIPlugin END] Reloading Section: "reloadable-plugin/EntryTypeRegistryImpl/DefaultRuntimePlugin of DefaultRuntimePlugin [roughlyenoughitems]/" done in 12.70 μs
[06:55:07] [main/TRACE] [REI] [REIPlugin END] Reloading Section: "reloadable-plugin/EntryTypeRegistryImpl/" done in 126.7 μs
[06:55:07] [main/TRACE] [REI] [REIPlugin END] Reloading Section: "reloadable-plugin/EntrySettingsAdapterRegistryImpl/"
[06:55:07] [main/TRACE] [REI] [REIPlugin END] Reloading Section: "reloadable-plugin/EntrySettingsAdapterRegistryImpl/DefaultPlugin of DefaultPlugin [roughlyenoughitems]/"
[06:55:07] [main/TRACE] [REI] [REIPlugin END] Reloading Section: "reloadable-plugin/EntrySettingsAdapterRegistryImpl/DefaultPlugin of DefaultPlugin [roughlyenoughitems]/" done in 120.4 μs
[06:55:07] [main/TRACE] [REI] [REIPlugin END] Reloading Section: "reloadable-plugin/EntrySettingsAdapterRegistryImpl/FabricFluidAPISupportPlugin/"
[06:55:07] [main/TRACE] [REI] [REIPlugin END] Reloading Section: "reloadable-plugin/EntrySettingsAdapterRegistryImpl/FabricFluidAPISupportPlugin/" done in 18.40 μs
[06:55:07] [main/TRACE] [REI] [REIPlugin END] Reloading Section: "reloadable-plugin/EntrySettingsAdapterRegistryImpl/DefaultRuntimePlugin of DefaultRuntimePlugin [roughlyenoughitems]/"
[06:55:07] [main/TRACE] [REI] [REIPlugin END] Reloading Section: "reloadable-plugin/EntrySettingsAdapterRegistryImpl/DefaultRuntimePlugin of DefaultRuntimePlugin [roughlyenoughitems]/" done in 14.30 μs
[06:55:07] [main/TRACE] [REI] [REIPlugin END] Reloading Section: "reloadable-plugin/EntrySettingsAdapterRegistryImpl/" done in 289.0 μs
[06:55:07] [main/TRACE] [REI] [REIPlugin END] Reloading Section: "reloadable-plugin/RecipeManagerContextImpl/"
[06:55:07] [main/TRACE] [REI] [REIPlugin END] Reloading Section: "reloadable-plugin/RecipeManagerContextImpl/DefaultPlugin of DefaultPlugin [roughlyenoughitems]/"
[06:55:07] [main/TRACE] [REI] [REIPlugin END] Reloading Section: "reloadable-plugin/RecipeManagerContextImpl/DefaultPlugin of DefaultPlugin [roughlyenoughitems]/" done in 13.10 μs
[06:55:07] [main/TRACE] [REI] [REIPlugin END] Reloading Section: "reloadable-plugin/RecipeManagerContextImpl/FabricFluidAPISupportPlugin/"
[06:55:07] [main/TRACE] [REI] [REIPlugin END] Reloading Section: "reloadable-plugin/RecipeManagerContextImpl/FabricFluidAPISupportPlugin/" done in 14.60 μs
[06:55:07] [main/TRACE] [REI] [REIPlugin END] Reloading Section: "reloadable-plugin/RecipeManagerContextImpl/DefaultRuntimePlugin of DefaultRuntimePlugin [roughlyenoughitems]/"
[06:55:07] [main/TRACE] [REI] [REIPlugin END] Reloading Section: "reloadable-plugin/RecipeManagerContextImpl/DefaultRuntimePlugin of DefaultRuntimePlugin [roughlyenoughitems]/" done in 12.10 μs
[06:55:07] [main/TRACE] [REI] [REIPlugin END] Reloading Section: "reloadable-plugin/RecipeManagerContextImpl/" done in 118.0 μs
[06:55:07] [main/TRACE] [REI] [REIPlugin END] Reloading Section: "reloadable-plugin/ItemComparatorRegistryImpl/"
[06:55:07] [main/TRACE] [REI] [REIPlugin END] Reloading Section: "reloadable-plugin/ItemComparatorRegistryImpl/DefaultPlugin of DefaultPlugin [roughlyenoughitems]/"
[06:55:07] [main/TRACE] [REI] [REIPlugin END] Reloading Section: "reloadable-plugin/ItemComparatorRegistryImpl/DefaultPlugin of DefaultPlugin [roughlyenoughitems]/" done in 11.90 μs
[06:55:07] [main/TRACE] [REI] [REIPlugin END] Reloading Section: "reloadable-plugin/ItemComparatorRegistryImpl/FabricFluidAPISupportPlugin/"
[06:55:07] [main/TRACE] [REI] [REIPlugin END] Reloading Section: "reloadable-plugin/ItemComparatorRegistryImpl/FabricFluidAPISupportPlugin/" done in 12.00 μs
[06:55:07] [main/TRACE] [REI] [REIPlugin END] Reloading Section: "reloadable-plugin/ItemComparatorRegistryImpl/DefaultRuntimePlugin of DefaultRuntimePlugin [roughlyenoughitems]/"
[06:55:07] [main/TRACE] [REI] [REIPlugin END] Reloading Section: "reloadable-plugin/ItemComparatorRegistryImpl/DefaultRuntimePlugin of DefaultRuntimePlugin [roughlyenoughitems]/" done in 12.60 μs
[06:55:07] [main/TRACE] [REI] [REIPlugin END] Reloading Section: "reloadable-plugin/ItemComparatorRegistryImpl/" done in 122.7 μs
[06:55:07] [main/TRACE] [REI] [REIPlugin END] Reloading Section: "reloadable-plugin/FluidComparatorRegistryImpl/"
[06:55:07] [main/TRACE] [REI] [REIPlugin END] Reloading Section: "reloadable-plugin/FluidComparatorRegistryImpl/DefaultPlugin of DefaultPlugin [roughlyenoughitems]/"
[06:55:07] [main/TRACE] [REI] [REIPlugin END] Reloading Section: "reloadable-plugin/FluidComparatorRegistryImpl/DefaultPlugin of DefaultPlugin [roughlyenoughitems]/" done in 15.20 μs
[06:55:07] [main/TRACE] [REI] [REIPlugin END] Reloading Section: "reloadable-plugin/FluidComparatorRegistryImpl/FabricFluidAPISupportPlugin/"
[06:55:07] [main/TRACE] [REI] [REIPlugin END] Reloading Section: "reloadable-plugin/FluidComparatorRegistryImpl/FabricFluidAPISupportPlugin/" done in 86.40 μs
[06:55:07] [main/TRACE] [REI] [REIPlugin END] Reloading Section: "reloadable-plugin/FluidComparatorRegistryImpl/DefaultRuntimePlugin of DefaultRuntimePlugin [roughlyenoughitems]/"
[06:55:07] [main/TRACE] [REI] [REIPlugin END] Reloading Section: "reloadable-plugin/FluidComparatorRegistryImpl/DefaultRuntimePlugin of DefaultRuntimePlugin [roughlyenoughitems]/" done in 17.70 μs
[06:55:07] [main/TRACE] [REI] [REIPlugin END] Reloading Section: "reloadable-plugin/FluidComparatorRegistryImpl/" done in 275.5 μs
[06:55:07] [main/TRACE] [REI] [REIPlugin END] Reloading Section: "reloadable-plugin/DisplaySerializerRegistryImpl/"
[06:55:07] [main/TRACE] [REI] [REIPlugin END] Reloading Section: "reloadable-plugin/DisplaySerializerRegistryImpl/DefaultPlugin of DefaultPlugin [roughlyenoughitems]/"
[06:55:07] [main/TRACE] [REI] [REIPlugin END] Reloading Section: "reloadable-plugin/DisplaySerializerRegistryImpl/DefaultPlugin of DefaultPlugin [roughlyenoughitems]/" done in 13.95 ms
[06:55:07] [main/TRACE] [REI] [REIPlugin END] Reloading Section: "reloadable-plugin/DisplaySerializerRegistryImpl/FabricFluidAPISupportPlugin/"
[06:55:07] [main/TRACE] [REI] [REIPlugin END] Reloading Section: "reloadable-plugin/DisplaySerializerRegistryImpl/FabricFluidAPISupportPlugin/" done in 19.40 μs
[06:55:07] [main/TRACE] [REI] [REIPlugin END] Reloading Section: "reloadable-plugin/DisplaySerializerRegistryImpl/DefaultRuntimePlugin of DefaultRuntimePlugin [roughlyenoughitems]/"
[06:55:07] [main/TRACE] [REI] [REIPlugin END] Reloading Section: "reloadable-plugin/DisplaySerializerRegistryImpl/DefaultRuntimePlugin of DefaultRuntimePlugin [roughlyenoughitems]/" done in 12.00 μs
[06:55:07] [main/TRACE] [REI] [REIPlugin END] Reloading Section: "reloadable-plugin/DisplaySerializerRegistryImpl/" done in 14.32 ms
[06:55:07] [main/TRACE] [REI] [REIPlugin END] Reloading Section: "reloadable-plugin/FluidSupportProviderImpl/"
[06:55:07] [main/TRACE] [REI] [REIPlugin END] Reloading Section: "reloadable-plugin/FluidSupportProviderImpl/DefaultPlugin of DefaultPlugin [roughlyenoughitems]/"
[06:55:07] [main/TRACE] [REI] [REIPlugin END] Reloading Section: "reloadable-plugin/FluidSupportProviderImpl/DefaultPlugin of DefaultPlugin [roughlyenoughitems]/" done in 14.70 μs
[06:55:07] [main/TRACE] [REI] [REIPlugin END] Reloading Section: "reloadable-plugin/FluidSupportProviderImpl/FabricFluidAPISupportPlugin/"
[06:55:07] [main/TRACE] [REI] [REIPlugin END] Reloading Section: "reloadable-plugin/FluidSupportProviderImpl/FabricFluidAPISupportPlugin/" done in 13.20 μs
[06:55:07] [main/TRACE] [REI] [REIPlugin END] Reloading Section: "reloadable-plugin/FluidSupportProviderImpl/DefaultRuntimePlugin of DefaultRuntimePlugin [roughlyenoughitems]/"
[06:55:07] [main/TRACE] [REI] [REIPlugin END] Reloading Section: "reloadable-plugin/FluidSupportProviderImpl/DefaultRuntimePlugin of DefaultRuntimePlugin [roughlyenoughitems]/" done in 13.00 μs
[06:55:07] [main/TRACE] [REI] [REIPlugin END] Reloading Section: "reloadable-plugin/FluidSupportProviderImpl/" done in 143.0 μs
[06:55:07] [main/DEBUG] [REI] ========================================
[06:55:07] [main/DEBUG] [REI] REIPlugin ending main-reload for END.
[06:55:07] [main/DEBUG] [REI] ========================================
[06:55:07] [main/TRACE] [REI] [REIPlugin END] Reloading Section: "end-reload/"
[06:55:07] [main/TRACE] [REI] [REIPlugin END] Reloading Section: "end-reload/EntryTypeRegistryImpl/"
[06:55:07] [main/TRACE] [REI] [REIPlugin END] Reloading Section: "end-reload/EntryTypeRegistryImpl/" done in 10.30 μs
[06:55:07] [main/TRACE] [REI] [REIPlugin END] Reloading Section: "end-reload/EntrySettingsAdapterRegistryImpl/"
[06:55:07] [main/TRACE] [REI] [REIPlugin END] Reloading Section: "end-reload/EntrySettingsAdapterRegistryImpl/" done in 9.200 μs
[06:55:07] [main/TRACE] [REI] [REIPlugin END] Reloading Section: "end-reload/RecipeManagerContextImpl/"
[06:55:07] [main/TRACE] [REI] [REIPlugin END] Reloading Section: "end-reload/RecipeManagerContextImpl/" done in 11.70 μs
[06:55:07] [main/TRACE] [REI] [REIPlugin END] Reloading Section: "end-reload/ItemComparatorRegistryImpl/"
[06:55:07] [main/TRACE] [REI] [REIPlugin END] Reloading Section: "end-reload/ItemComparatorRegistryImpl/" done in 6.000 μs
[06:55:07] [main/TRACE] [REI] [REIPlugin END] Reloading Section: "end-reload/FluidComparatorRegistryImpl/"
[06:55:07] [main/TRACE] [REI] [REIPlugin END] Reloading Section: "end-reload/FluidComparatorRegistryImpl/" done in 5.600 μs
[06:55:07] [main/TRACE] [REI] [REIPlugin END] Reloading Section: "end-reload/DisplaySerializerRegistryImpl/"
[06:55:07] [main/TRACE] [REI] [REIPlugin END] Reloading Section: "end-reload/DisplaySerializerRegistryImpl/" done in 11.00 μs
[06:55:07] [main/TRACE] [REI] [REIPlugin END] Reloading Section: "end-reload/FluidSupportProviderImpl/"
[06:55:07] [main/TRACE] [REI] [REIPlugin END] Reloading Section: "end-reload/FluidSupportProviderImpl/" done in 9.800 μs
[06:55:07] [main/TRACE] [REI] [REIPlugin END] Reloading Section: "end-reload/" done in 225.4 μs
[06:55:07] [main/DEBUG] [REI] ========================================
[06:55:07] [main/DEBUG] [REI] REIPlugin ended main-reload for END in 17.16 ms.
[06:55:07] [main/DEBUG] [REI] ========================================
[06:55:07] [main/INFO] [REI] ~~~~~~~~~~~~~~~~~~~~~~~~~~~~~~~~~~~~~~~~
[06:55:07] [main/INFO] [REI] REIServerPlugin starting main-reload for END.
[06:55:07] [main/DEBUG] [REI] Reloadables (2):
[06:55:07] [main/DEBUG] [REI]  - MenuInfoRegistryImpl
[06:55:07] [main/DEBUG] [REI]  - SlotAccessorRegistryImpl
[06:55:07] [main/INFO] [REI] Plugins (3):
[06:55:07] [main/INFO] [REI]  - (-100,00) DefaultPlugin of DefaultPlugin [roughlyenoughitems]
[06:55:07] [main/INFO] [REI]  - (0,00) FabricFluidAPISupportPlugin
[06:55:07] [main/INFO] [REI]  - (0,00) DefaultRuntimePlugin of DefaultRuntimePlugin [roughlyenoughitems]
[06:55:07] [main/INFO] [REI] ~~~~~~~~~~~~~~~~~~~~~~~~~~~~~~~~~~~~~~~~
[06:55:07] [main/TRACE] [REI] [REIServerPlugin END] Reloading Section: "start-reload/"
[06:55:07] [main/TRACE] [REI] [REIServerPlugin END] Reloading Section: "start-reload/MenuInfoRegistryImpl/"
[06:55:07] [main/TRACE] [REI] [REIServerPlugin END] Reloading Section: "start-reload/MenuInfoRegistryImpl/" done in 17.40 μs
[06:55:07] [main/TRACE] [REI] [REIServerPlugin END] Reloading Section: "start-reload/SlotAccessorRegistryImpl/"
[06:55:07] [main/TRACE] [REI] [REIServerPlugin END] Reloading Section: "start-reload/SlotAccessorRegistryImpl/" done in 19.30 μs
[06:55:07] [main/TRACE] [REI] [REIServerPlugin END] Reloading Section: "start-reload/" done in 210.3 μs
[06:55:07] [main/DEBUG] [REI] ========================================
[06:55:07] [main/DEBUG] [REI] REIServerPlugin started main-reload for END.
[06:55:07] [main/DEBUG] [REI] ========================================
[06:55:07] [main/TRACE] [REI] [REIServerPlugin END] Reloading Section: "reloadable-plugin/MenuInfoRegistryImpl/"
[06:55:07] [main/TRACE] [REI] [REIServerPlugin END] Reloading Section: "reloadable-plugin/MenuInfoRegistryImpl/DefaultPlugin of DefaultPlugin [roughlyenoughitems]/"
[06:55:07] [main/TRACE] [REI] [REIServerPlugin END] Reloading Section: "reloadable-plugin/MenuInfoRegistryImpl/DefaultPlugin of DefaultPlugin [roughlyenoughitems]/" done in 17.20 μs
[06:55:07] [main/TRACE] [REI] [REIServerPlugin END] Reloading Section: "reloadable-plugin/MenuInfoRegistryImpl/FabricFluidAPISupportPlugin/"
[06:55:07] [main/TRACE] [REI] [REIServerPlugin END] Reloading Section: "reloadable-plugin/MenuInfoRegistryImpl/FabricFluidAPISupportPlugin/" done in 13.40 μs
[06:55:07] [main/TRACE] [REI] [REIServerPlugin END] Reloading Section: "reloadable-plugin/MenuInfoRegistryImpl/DefaultRuntimePlugin of DefaultRuntimePlugin [roughlyenoughitems]/"
[06:55:07] [main/TRACE] [REI] [REIServerPlugin END] Reloading Section: "reloadable-plugin/MenuInfoRegistryImpl/DefaultRuntimePlugin of DefaultRuntimePlugin [roughlyenoughitems]/" done in 13.10 μs
[06:55:07] [main/TRACE] [REI] [REIServerPlugin END] Reloading Section: "reloadable-plugin/MenuInfoRegistryImpl/" done in 141.2 μs
[06:55:07] [main/TRACE] [REI] [REIServerPlugin END] Reloading Section: "reloadable-plugin/SlotAccessorRegistryImpl/"
[06:55:07] [main/TRACE] [REI] [REIServerPlugin END] Reloading Section: "reloadable-plugin/SlotAccessorRegistryImpl/DefaultPlugin of DefaultPlugin [roughlyenoughitems]/"
[06:55:07] [main/TRACE] [REI] [REIServerPlugin END] Reloading Section: "reloadable-plugin/SlotAccessorRegistryImpl/DefaultPlugin of DefaultPlugin [roughlyenoughitems]/" done in 12.60 μs
[06:55:07] [main/TRACE] [REI] [REIServerPlugin END] Reloading Section: "reloadable-plugin/SlotAccessorRegistryImpl/FabricFluidAPISupportPlugin/"
[06:55:07] [main/TRACE] [REI] [REIServerPlugin END] Reloading Section: "reloadable-plugin/SlotAccessorRegistryImpl/FabricFluidAPISupportPlugin/" done in 7.900 μs
[06:55:07] [main/TRACE] [REI] [REIServerPlugin END] Reloading Section: "reloadable-plugin/SlotAccessorRegistryImpl/DefaultRuntimePlugin of DefaultRuntimePlugin [roughlyenoughitems]/"
[06:55:07] [main/DEBUG] [REI] Added slot accessor serializer: me.shedaniel.rei.plugin.common.runtime.DefaultRuntimePlugin$1@fa36758 [roughlyenoughitems:vanilla]
[06:55:07] [main/DEBUG] [REI] Added slot accessor serializer: me.shedaniel.rei.plugin.common.runtime.DefaultRuntimePlugin$2@2b4597a5 [roughlyenoughitems:player]
[06:55:07] [main/TRACE] [REI] [REIServerPlugin END] Reloading Section: "reloadable-plugin/SlotAccessorRegistryImpl/DefaultRuntimePlugin of DefaultRuntimePlugin [roughlyenoughitems]/" done in 1.559 ms
[06:55:07] [main/TRACE] [REI] [REIServerPlugin END] Reloading Section: "reloadable-plugin/SlotAccessorRegistryImpl/" done in 1.664 ms
[06:55:07] [main/DEBUG] [REI] ========================================
[06:55:07] [main/DEBUG] [REI] REIServerPlugin ending main-reload for END.
[06:55:07] [main/DEBUG] [REI] ========================================
[06:55:07] [main/TRACE] [REI] [REIServerPlugin END] Reloading Section: "end-reload/"
[06:55:07] [main/TRACE] [REI] [REIServerPlugin END] Reloading Section: "end-reload/MenuInfoRegistryImpl/"
[06:55:07] [main/DEBUG] [REI] Registered 0 menu infos
[06:55:07] [main/TRACE] [REI] [REIServerPlugin END] Reloading Section: "end-reload/MenuInfoRegistryImpl/" done in 35.70 μs
[06:55:07] [main/TRACE] [REI] [REIServerPlugin END] Reloading Section: "end-reload/SlotAccessorRegistryImpl/"
[06:55:07] [main/DEBUG] [REI] Registered 2 slot accessor serializers
[06:55:07] [main/TRACE] [REI] [REIServerPlugin END] Reloading Section: "end-reload/SlotAccessorRegistryImpl/" done in 28.30 μs
[06:55:07] [main/TRACE] [REI] [REIServerPlugin END] Reloading Section: "end-reload/" done in 144.2 μs
[06:55:07] [main/DEBUG] [REI] ========================================
[06:55:07] [main/DEBUG] [REI] REIServerPlugin ended main-reload for END in 3.167 ms.
[06:55:07] [main/DEBUG] [REI] ========================================
[06:55:07] [main/DEBUG] [REI] ========================================
[06:55:07] [main/DEBUG] [REI] REIPlugin starting post-reload for END.
[06:55:07] [main/DEBUG] [REI] Reloadables (7):
[06:55:07] [main/DEBUG] [REI]  - EntryTypeRegistryImpl
[06:55:07] [main/DEBUG] [REI]  - EntrySettingsAdapterRegistryImpl
[06:55:07] [main/DEBUG] [REI]  - RecipeManagerContextImpl
[06:55:07] [main/DEBUG] [REI]  - ItemComparatorRegistryImpl
[06:55:07] [main/DEBUG] [REI]  - FluidComparatorRegistryImpl
[06:55:07] [main/DEBUG] [REI]  - DisplaySerializerRegistryImpl
[06:55:07] [main/DEBUG] [REI]  - FluidSupportProviderImpl
[06:55:07] [main/DEBUG] [REI] Plugins (3):
[06:55:07] [main/DEBUG] [REI]  - (-100,00) DefaultPlugin of DefaultPlugin [roughlyenoughitems]
[06:55:07] [main/DEBUG] [REI]  - (0,00) FabricFluidAPISupportPlugin
[06:55:07] [main/DEBUG] [REI]  - (0,00) DefaultRuntimePlugin of DefaultRuntimePlugin [roughlyenoughitems]
[06:55:07] [main/DEBUG] [REI] ========================================
[06:55:07] [main/TRACE] [REI] [REIPlugin END] Reloading Section: "post-register/"
[06:55:07] [main/TRACE] [REI] [REIPlugin END] Reloading Section: "post-register/DefaultPlugin of DefaultPlugin [roughlyenoughitems]/"
[06:55:07] [main/TRACE] [REI] [REIPlugin END] Reloading Section: "post-register/DefaultPlugin of DefaultPlugin [roughlyenoughitems]/" done in 12.20 μs
[06:55:07] [main/TRACE] [REI] [REIPlugin END] Reloading Section: "post-register/FabricFluidAPISupportPlugin/"
[06:55:07] [main/TRACE] [REI] [REIPlugin END] Reloading Section: "post-register/FabricFluidAPISupportPlugin/" done in 10.20 μs
[06:55:07] [main/TRACE] [REI] [REIPlugin END] Reloading Section: "post-register/DefaultRuntimePlugin of DefaultRuntimePlugin [roughlyenoughitems]/"
[06:55:07] [main/TRACE] [REI] [REIPlugin END] Reloading Section: "post-register/DefaultRuntimePlugin of DefaultRuntimePlugin [roughlyenoughitems]/" done in 9.600 μs
[06:55:07] [main/TRACE] [REI] [REIPlugin END] Reloading Section: "post-register/" done in 396.1 μs
[06:55:07] [main/TRACE] [REI] [REIPlugin END] Reloading Section: "post-stage/"
[06:55:07] [main/TRACE] [REI] [REIPlugin END] Reloading Section: "post-stage/EntryTypeRegistryImpl/"
[06:55:07] [main/TRACE] [REI] [REIPlugin END] Reloading Section: "post-stage/EntryTypeRegistryImpl/" done in 9.900 μs
[06:55:07] [main/TRACE] [REI] [REIPlugin END] Reloading Section: "post-stage/EntrySettingsAdapterRegistryImpl/"
[06:55:07] [main/TRACE] [REI] [REIPlugin END] Reloading Section: "post-stage/EntrySettingsAdapterRegistryImpl/" done in 23.00 μs
[06:55:07] [main/TRACE] [REI] [REIPlugin END] Reloading Section: "post-stage/RecipeManagerContextImpl/"
[06:55:07] [main/TRACE] [REI] [REIPlugin END] Reloading Section: "post-stage/RecipeManagerContextImpl/" done in 11.30 μs
[06:55:07] [main/TRACE] [REI] [REIPlugin END] Reloading Section: "post-stage/ItemComparatorRegistryImpl/"
[06:55:07] [main/TRACE] [REI] [REIPlugin END] Reloading Section: "post-stage/ItemComparatorRegistryImpl/" done in 10.50 μs
[06:55:07] [main/TRACE] [REI] [REIPlugin END] Reloading Section: "post-stage/FluidComparatorRegistryImpl/"
[06:55:07] [main/TRACE] [REI] [REIPlugin END] Reloading Section: "post-stage/FluidComparatorRegistryImpl/" done in 9.800 μs
[06:55:07] [main/TRACE] [REI] [REIPlugin END] Reloading Section: "post-stage/DisplaySerializerRegistryImpl/"
[06:55:07] [main/TRACE] [REI] [REIPlugin END] Reloading Section: "post-stage/DisplaySerializerRegistryImpl/" done in 9.600 μs
[06:55:07] [main/TRACE] [REI] [REIPlugin END] Reloading Section: "post-stage/FluidSupportProviderImpl/"
[06:55:07] [main/TRACE] [REI] [REIPlugin END] Reloading Section: "post-stage/FluidSupportProviderImpl/" done in 5.800 μs
[06:55:07] [main/TRACE] [REI] [REIPlugin END] Reloading Section: "post-stage/" done in 308.4 μs
[06:55:07] [main/DEBUG] [REI] ========================================
[06:55:07] [main/INFO] [REI] REIPlugin finished post-reload for END in 774.2 μs, totaling 18.57 ms.
[06:55:07] [main/DEBUG] [REI] ========================================
[06:55:07] [main/DEBUG] [REI] ========================================
[06:55:07] [main/DEBUG] [REI] REIServerPlugin starting post-reload for END.
[06:55:07] [main/DEBUG] [REI] Reloadables (2):
[06:55:07] [main/DEBUG] [REI]  - MenuInfoRegistryImpl
[06:55:07] [main/DEBUG] [REI]  - SlotAccessorRegistryImpl
[06:55:07] [main/DEBUG] [REI] Plugins (3):
[06:55:07] [main/DEBUG] [REI]  - (-100,00) DefaultPlugin of DefaultPlugin [roughlyenoughitems]
[06:55:07] [main/DEBUG] [REI]  - (0,00) FabricFluidAPISupportPlugin
[06:55:07] [main/DEBUG] [REI]  - (0,00) DefaultRuntimePlugin of DefaultRuntimePlugin [roughlyenoughitems]
[06:55:07] [main/DEBUG] [REI] ========================================
[06:55:07] [main/TRACE] [REI] [REIServerPlugin END] Reloading Section: "post-register/"
[06:55:07] [main/TRACE] [REI] [REIServerPlugin END] Reloading Section: "post-register/DefaultPlugin of DefaultPlugin [roughlyenoughitems]/"
[06:55:07] [main/TRACE] [REI] [REIServerPlugin END] Reloading Section: "post-register/DefaultPlugin of DefaultPlugin [roughlyenoughitems]/" done in 11.40 μs
[06:55:07] [main/TRACE] [REI] [REIServerPlugin END] Reloading Section: "post-register/FabricFluidAPISupportPlugin/"
[06:55:07] [main/TRACE] [REI] [REIServerPlugin END] Reloading Section: "post-register/FabricFluidAPISupportPlugin/" done in 12.90 μs
[06:55:07] [main/TRACE] [REI] [REIServerPlugin END] Reloading Section: "post-register/DefaultRuntimePlugin of DefaultRuntimePlugin [roughlyenoughitems]/"
[06:55:07] [main/TRACE] [REI] [REIServerPlugin END] Reloading Section: "post-register/DefaultRuntimePlugin of DefaultRuntimePlugin [roughlyenoughitems]/" done in 9.000 μs
[06:55:07] [main/TRACE] [REI] [REIServerPlugin END] Reloading Section: "post-register/" done in 184.6 μs
[06:55:07] [main/TRACE] [REI] [REIServerPlugin END] Reloading Section: "post-stage/"
[06:55:07] [main/TRACE] [REI] [REIServerPlugin END] Reloading Section: "post-stage/MenuInfoRegistryImpl/"
[06:55:07] [main/TRACE] [REI] [REIServerPlugin END] Reloading Section: "post-stage/MenuInfoRegistryImpl/" done in 11.40 μs
[06:55:07] [main/TRACE] [REI] [REIServerPlugin END] Reloading Section: "post-stage/SlotAccessorRegistryImpl/"
[06:55:07] [main/TRACE] [REI] [REIServerPlugin END] Reloading Section: "post-stage/SlotAccessorRegistryImpl/" done in 10.50 μs
[06:55:07] [main/TRACE] [REI] [REIServerPlugin END] Reloading Section: "post-stage/" done in 91.00 μs
[06:55:07] [main/DEBUG] [REI] ========================================
[06:55:07] [main/INFO] [REI] REIServerPlugin finished post-reload for END in 313.3 μs, totaling 3.630 ms.
[06:55:07] [main/DEBUG] [REI] ========================================
