[09:47:52] [Render thread/INFO] [JMLogger] JourneyMap log initialized.
[09:47:52] [Render thread/INFO] [JourneymapClient] initialize ENTER
[09:47:52] [Render thread/INFO] [ClientAPI] [ClientAPI] built with JourneyMap API 2.0.0-SNAPSHOT
[09:47:52] [Render thread/INFO] [PluginHelper] Initializing plugins with Client API: journeymap.api.client.impl.ClientAPI
[09:47:52] [Render thread/INFO] [PluginHelper] Initialized IClientPlugin: journeymap.api.plugins.LoadedChunkOverlayPlugin
[09:47:52] [Render thread/INFO] [PluginHelper] Initialized IClientPlugin: net.blay09.mods.waystones.compat.JourneyMapIntegration
[09:47:52] [Render thread/INFO] [?] Version: JourneyMap 1.21.1-6.0.0-beta.29, built with fabric 0.105.0+1.21.1
fabric: 0.16.5
Environment: os.name, os.arch, java.version, user.country, user.language=null, game language=de_de, locale=de_de
Features: 
	RadarPlayers : singleplayer = true , multiplayer = true
	RadarAnimals : singleplayer = true , multiplayer = true
	RadarMobs : singleplayer = true , multiplayer = true
	RadarVillagers : singleplayer = true , multiplayer = true
	MapTopo : singleplayer = true , multiplayer = true
	MapSurface : singleplayer = true , multiplayer = true
	MapCaves : singleplayer = true , multiplayer = true
	MapBiome : singleplayer = true , multiplayer = true
MiniMapProperties{state=Valid, file=journeymap.minimap.config, configVersion=6.0.0-beta.29, infoSlotTimeFormat=HH:mm:ss, zoomLevel=512, compassFontScale=1.0, infoSlotFontScale=1.0, terrainAlpha=100, showEntityNames=false, showPassiveNames=false, positionX=0.9, positionY=0.25, effectVertical=false, showPlayerHeading=true, sizePercent=30, playerDisplayScale=1.0, showDayNight=true, showPets=true, showPlayerNames=true, preferredMapType=day, showCompass=true, showNpcNames=false, mobDisplay=Dots and Outlined Icons, showHostileNames=false, systemTimeRealFormat=HH:mm:ss, shape=Kreis, showSelf=true, showVillagerNames=false, selfDisplayScale=1.0, showGrid=true, reticleOrientation=Kompass, minimapLockedMapType=jm.common.map_type.auto, effectTranslateX=0, info3LabelPosition=Bottom, showWaypoints=true, info2LabelPosition=Top, minimapKeyMovementSpeed=0.001, info1LabelPosition=Top, showAnimals=true, infoSlotAlpha=0.7, effectTranslateY=0, showWaypointLabels=true, showAmbientNames=false, moveEffectIcons=true, showTeamNames=true, position=Rechts Oben, fontScale=1.0, info4LabelPosition=Bottom, showPlayers=true, waypointIconScale=1.0, frameAlpha=100, effectReversed=false, backgroundAlpha=0.8, enabled=false, showVillagers=true, info2Label=jm.theme.labelsource.gametime, info3Label=jm.theme.labelsource.location, caveLayer=4, showMobs=true, waypointLabelScale=1.0, showReticle=true, orientation=Norden, info4Label=jm.theme.labelsource.biome, locationFormat=xzyv, playerDisplay=Outlined Icons, mobDisplayScale=1.0, showOffScreenPlayers=true, showCaves=true, showMobHeading=true, locationFormatVerbose=true, showAmbientCreatures=false, showPetNames=false, info1Label=jm.theme.labelsource.blank, showNoIconNames=true}
MiniMapProperties{state=Valid, file=journeymap.minimap2.config, configVersion=6.0.0-beta.29, infoSlotTimeFormat=HH:mm:ss, zoomLevel=512, compassFontScale=1.0, infoSlotFontScale=1.0, terrainAlpha=100, showEntityNames=false, showPassiveNames=false, positionX=0.9, positionY=0.25, effectVertical=false, showPlayerHeading=true, sizePercent=30, playerDisplayScale=1.0, showDayNight=true, showPets=true, showPlayerNames=true, preferredMapType=day, showCompass=true, showNpcNames=false, mobDisplay=Dots and Outlined Icons, showHostileNames=false, systemTimeRealFormat=HH:mm:ss, shape=Rechteck, showSelf=true, showVillagerNames=false, selfDisplayScale=1.0, showGrid=true, reticleOrientation=Kompass, minimapLockedMapType=jm.common.map_type.auto, effectTranslateX=0, info3LabelPosition=Bottom, showWaypoints=true, info2LabelPosition=Top, minimapKeyMovementSpeed=0.001, info1LabelPosition=Top, showAnimals=true, infoSlotAlpha=0.7, effectTranslateY=0, showWaypointLabels=true, showAmbientNames=false, moveEffectIcons=true, showTeamNames=true, position=Rechts Oben, fontScale=1.0, info4LabelPosition=Bottom, showPlayers=true, waypointIconScale=1.0, frameAlpha=100, effectReversed=false, backgroundAlpha=0.8, enabled=false, showVillagers=true, info2Label=jm.theme.labelsource.gametime, info3Label=jm.theme.labelsource.location, caveLayer=4, showMobs=true, waypointLabelScale=1.0, showReticle=true, orientation=Norden, info4Label=jm.theme.labelsource.biome, locationFormat=xzyv, playerDisplay=Outlined Icons, mobDisplayScale=1.0, showOffScreenPlayers=true, showCaves=true, showMobHeading=true, locationFormatVerbose=true, showAmbientCreatures=false, showPetNames=false, info1Label=jm.theme.labelsource.blank, showNoIconNames=true}
FullMapProperties{state=Valid, file=journeymap.fullmap.config, configVersion=6.0.0-beta.29, zoomLevel=512, minimalMode=false, showPlayers=true, waypointIconScale=1.0, showEntityNames=false, showPassiveNames=false, showPlayerHeading=true, showVillagers=true, showPlayerLoc=true, showKeys=true, playerDisplayScale=1.0, showMobs=true, showPets=true, waypointLabelScale=1.0, showPlayerNames=true, preferredMapType=day, showNpcNames=false, mobDisplay=Dots and Outlined Icons, showHostileNames=false, showSelf=true, locationFormat=xzyv, playerDisplay=Outlined Icons, showVillagerNames=false, mobDisplayScale=1.0, selfDisplayScale=1.0, showOffScreenPlayers=true, showGrid=true, showMouseLoc=true, showWaypoints=true, showCaves=true, showThemeButton=true, showAnimals=true, dragScale=1, showMobHeading=true, showWaypointLabels=true, locationFormatVerbose=true, showAmbientNames=false, showAmbientCreatures=false, showTeamNames=true, showPetNames=false, fontScale=1.0, showNoIconNames=true}
WaypointProperties{state=Valid, file=journeymap.waypoint.config, configVersion=6.0.0-beta.29, autoRemoveDeathpointDistance=2, dateFormat=MM-dd-yyyy, autoHideIconAngle=5, autoRemoveDeathpoints=false, autoHideIcon=false, autoHideLabelAngle=5, renderWaypointsWorld=true, showDeleteConfirmation=true, fullscreenDoubleClickToCreate=true, minDistance=4, boldLabel=false, disableShare=false, showDeathpointlabel=true, textureSmall=true, beaconEnabled=true, createDeathpoints=true, disableStrikeThrough=false, renderWaypointsMap=true, showName=true, maxDistance=0, autoHideLabel=true, autoRemoveTempWaypoints=2, teleportCommand=/tp {name} {x} {y} {z}, showStaticBeam=true, renderWaypoints=true, wholeNumberTeleportCoords=false, timeFormat=HH:mm:ss, shaderBeacon=false, showDistance=true, showRotatingBeam=true, fontScale=2.0, managerEnabled=true}
WebMapProperties{state=Valid, file=journeymap.webmap.config, configVersion=6.0.0-beta.29, port=8080, enabled=false}
CoreProperties{state=Valid, file=journeymap.core.config, configVersion=6.0.0-beta.29, maxPlayersData=32, mapSurfaceAboveCaves=true, dataCachingEnabled=true, maxAmbientCreaturesData=32, optionsManagerViewed=6.0.0-beta.29, announceMod=true, ignoreSnow=false, colorPassive=#bbbbbb, colorPassiveLabel=#bbbbbb, mapShadows=true, mapBlendWater=true, playerIconFade=true, renderDistanceSurfaceMax=0, seedId=false, colorPetLabel=#0077ff, radarVerticalDistance=16, mapBlendGrass=true, recordCacheStats=false, hideSneakingEntities=true, initialSortOrder=Name, colorPlayerLabel=#ffffff, revealShape=Kreis, mapBiome=true, caveShader=jm.common.map_filter.default, mipmapLevels=5, colorVillagerLabel=#88e188, alwaysMapSurface=false, biomeShader=jm.common.map_filter.default, colorVillager=#88e188, mapPlants=false, colorPet=#0077ff, sortDescending=true, radarLateralDistance=64, mapBathymetry=false, mapCrops=true, maxMobsData=32, dayShader=jm.common.map_filter.default, mapPlantShadows=false, alwaysMapCaves=false, checkUpdates=true, colorHostileLabel=#ff0000, mapBlendFoliage=true, topoMax=0, hideSpectators=false, mappingEnabled=true, colorPlayer=#ffffff, cacheVillagersData=2200, logLevel=INFO, maxVillagersData=32, mapWaterBiomeColors=true, maxAnimalsData=32, mapTransparency=true, caveBlackAsClear=false, caveModeThreshold=2, legacyIcons=false, netherShader=jm.common.map_filter.default, caveIgnoreGlass=true, mapTopography=true, renderDistanceCaveMax=0, mapAntialiasing=true, colorSelf=#0000ff, cachePlayersData=2000, nightShader=jm.common.map_filter.default, cacheMobsData=3000, cachePlayerData=1000, splashViewed=6.0.0-beta.29, colorHostile=#ff0000, topoShader=jm.common.map_filter.default, cacheAnimalsData=3100, ignoreHeightmaps=false, themeName=Purist, mapCaveLighting=true, renderDelay=2, mobIconFade=true, serverIp=false, glErrorChecking=false, autoMapPoll=2000}
[09:47:52] [Render thread/INFO] [JourneymapClient] initialize EXIT, elapsed count 1 avg 271,63ms
[09:47:53] [Render thread/INFO] [ThemeLoader] Preloaded theme textures: 73
[09:47:53] [Render thread/INFO] [JourneymapClient] postInitialize EXIT, elapsed count 1 avg 567,59ms
[09:49:33] [Render thread/INFO] [ChatLog] JourneyMap: Drücke [J]
[09:49:33] [Render thread/INFO] [ColorPalette] Color palette file generated for 0 blockstates in 0ms for: Default Palette
[09:49:33] [Render thread/INFO] [ModBlockDelegate] Custom modded block handling enabled for biomesoplenty
[09:49:33] [Render thread/INFO] [WaypointHandler] Resetting Waypoints and Groups.
[09:49:33] [Render thread/INFO] [WaypointStore] Loaded 0 waypoints from disk.
[09:49:33] [Render thread/INFO] [WaypointGroupStore] Loaded 0 waypoint groups from disk.
[09:49:33] [Render thread/INFO] [ClientWaypointDAO] Saving WaypointData.dat async:true
[09:49:33] [Render thread/INFO] [ClientWaypointDAO] Saving WaypointData.dat async:true
[09:49:33] [Render thread/INFO] [ClientWaypointDAO] Saving WaypointData.dat async:true
[09:49:33] [Render thread/INFO] [ClientWaypointDAO] Saving WaypointData.dat async:true
[09:49:33] [Render thread/INFO] [LegacyWaypointFileMigrator] 0 Legacy waypoints found that need to be migrated and backed up.
[09:49:33] [Render thread/INFO] [ColorPalette] Color palette file generated for 0 blockstates in 1ms for: C:\Users\Michael\AppData\Roaming\ModrinthApp\profiles\MeinPack\journeymap\colorpalette.json
[09:49:33] [Render thread/INFO] [ColorPalette] Color palette file generated for 0 blockstates in 0ms for: C:\Users\Michael\AppData\Roaming\ModrinthApp\profiles\MeinPack\journeymap\data\sp\Demowelt\colorpalette.json
[09:49:33] [Render thread/INFO] [JourneymapClient] Mapping started in C:\Users\Michael\AppData\Roaming\ModrinthApp\profiles\MeinPack\journeymap\data\sp\Demowelt\overworld. Memory: 2860MB total, 786MB free 
[09:59:15] [Render thread/INFO] [ClientWaypointDAO] Saving WaypointData.dat async:true
[10:02:32] [Render thread/INFO] [CopyConfigScreen] Copied common options from journeymap.minimap.config to journeymap.minimap2.config.
[10:02:33] [Render thread/INFO] [CopyConfigScreen] Copied common options from journeymap.minimap.config to journeymap.fullmap.config.
[10:03:52] [Render thread/INFO] [WaypointHandler] Resetting Waypoints and Groups.
[10:03:52] [Render thread/INFO] [WaypointStore] Loaded 1 waypoints from disk.
[10:03:52] [Render thread/INFO] [WaypointGroupStore] Loaded 4 waypoint groups from disk.
[10:03:52] [Render thread/INFO] [LegacyWaypointFileMigrator] 0 Legacy waypoints found that need to be migrated and backed up.
[10:04:31] [Render thread/WARN] [TextureCache] Resource not readable: journeymap:theme/victorian_/icon/server.png
[10:04:31] [Render thread/ERROR] [TextureCache] Unknown theme image: victorian_/icon/server.png
[10:04:50] [Render thread/INFO] [JourneymapClient] Mapping halted in C:\Users\Michael\AppData\Roaming\ModrinthApp\profiles\MeinPack\journeymap\data\sp\Demowelt\minecraft:overworld
[10:04:51] [Render thread/INFO] [WaypointHandler] Resetting Waypoints and Groups.
[10:04:51] [Render thread/INFO] [WaypointStore] Loaded 1 waypoints from disk.
[10:04:51] [Render thread/INFO] [WaypointGroupStore] Loaded 4 waypoint groups from disk.
[10:04:51] [Render thread/INFO] [LegacyWaypointFileMigrator] 0 Legacy waypoints found that need to be migrated and backed up.
[10:04:51] [Render thread/INFO] [ChatLog] JourneyMap: Mapping aus.
[10:04:53] [Render thread/INFO] [WaypointHandler] Resetting Waypoints and Groups.
[10:04:53] [Render thread/INFO] [WaypointStore] Loaded 1 waypoints from disk.
[10:04:53] [Render thread/INFO] [WaypointGroupStore] Loaded 4 waypoint groups from disk.
[10:04:53] [Render thread/INFO] [LegacyWaypointFileMigrator] 0 Legacy waypoints found that need to be migrated and backed up.
[10:04:53] [Render thread/INFO] [JourneymapClient] Mapping started in C:\Users\Michael\AppData\Roaming\ModrinthApp\profiles\MeinPack\journeymap\data\sp\Demowelt\overworld. Memory: 3876MB total, 1024MB free 
[10:04:53] [Render thread/INFO] [ChatLog] JourneyMap: Mapping an.
[10:07:07] [Render thread/INFO] [JourneymapClient] Mapping halted in C:\Users\Michael\AppData\Roaming\ModrinthApp\profiles\MeinPack\journeymap\data\mp\offline\minecraft:overworld
